<?xml version="1.0" encoding="UTF-8"?>
<!DOCTYPE coverage SYSTEM "https://raw.githubusercontent.com/cobertura/cobertura/master/cobertura/src/site/htdocs/xml/coverage-04.dtd">
<coverage line-rate="0.781667086376228" branch-rate="0" lines-covered="3104" lines-valid="3971" branches-covered="0" branches-valid="0" complexity="0" version="3.6.5" timestamp="2025-12-17 16:18:22.662484">
  <sources>
    <source>/__w/tidytlg/tidytlg/tidytlg</source>
  </sources>
  <packages>
    <package name="tidytlg" line-rate="0.781667086376228" branch-rate="0" complexity="0">
      <classes>
        <class name="add_bottom_borders.R" filename="R/add_bottom_borders.R" line-rate="0.686746987951807" branch-rate="0" complexity="0">
          <methods>
            <method name="add_bottom_borders" signature="" line-rate="0.91304347826087" branch-rate="0" complexity="0">
              <lines>
                <line number="174" hits="23" branch="false"/>
                <line number="175" hits="0" branch="false"/>
                <line number="176" hits="23" branch="false"/>
                <line number="177" hits="0" branch="false"/>
                <line number="179" hits="23" branch="false"/>
                <line number="180" hits="3" branch="false"/>
                <line number="182" hits="23" branch="false"/>
                <line number="184" hits="23" branch="false"/>
                <line number="189" hits="219" branch="false"/>
                <line number="190" hits="25" branch="false"/>
                <line number="191" hits="25" branch="false"/>
                <line number="192" hits="25" branch="false"/>
                <line number="193" hits="25" branch="false"/>
                <line number="194" hits="25" branch="false"/>
                <line number="195" hits="25" branch="false"/>
                <line number="196" hits="25" branch="false"/>
                <line number="197" hits="25" branch="false"/>
                <line number="198" hits="25" branch="false"/>
                <line number="199" hits="25" branch="false"/>
                <line number="201" hits="25" branch="false"/>
                <line number="202" hits="25" branch="false"/>
                <line number="204" hits="194" branch="false"/>
                <line number="207" hits="23" branch="false"/>
              </lines>
            </method>
            <method name="should_use_internal_borders" signature="" line-rate="1" branch-rate="0" complexity="0">
              <lines>
                <line number="211" hits="219" branch="false"/>
                <line number="212" hits="219" branch="false"/>
                <line number="213" hits="818" branch="false"/>
                <line number="214" hits="25" branch="false"/>
                <line number="217" hits="194" branch="false"/>
              </lines>
            </method>
            <method name="no_borders" signature="" line-rate="0.75" branch-rate="0" complexity="0">
              <lines>
                <line number="228" hits="27" branch="false"/>
                <line number="229" hits="0" branch="false"/>
                <line number="231" hits="27" branch="false"/>
                <line number="232" hits="27" branch="false"/>
              </lines>
            </method>
            <method name="spanning_borders" signature="" line-rate="1" branch-rate="0" complexity="0">
              <lines>
                <line number="246" hits="38" branch="false"/>
                <line number="247" hits="38" branch="false"/>
                <line number="248" hits="38" branch="false"/>
                <line number="249" hits="38" branch="false"/>
                <line number="250" hits="38" branch="false"/>
                <line number="251" hits="38" branch="false"/>
                <line number="252" hits="38" branch="false"/>
                <line number="253" hits="38" branch="false"/>
                <line number="254" hits="38" branch="false"/>
                <line number="255" hits="38" branch="false"/>
                <line number="256" hits="38" branch="false"/>
                <line number="257" hits="38" branch="false"/>
                <line number="258" hits="38" branch="false"/>
              </lines>
            </method>
            <method name="col_borders" signature="" line-rate="0" branch-rate="0" complexity="0">
              <lines>
                <line number="268" hits="0" branch="false"/>
                <line number="269" hits="0" branch="false"/>
                <line number="270" hits="0" branch="false"/>
                <line number="271" hits="0" branch="false"/>
                <line number="272" hits="0" branch="false"/>
                <line number="273" hits="0" branch="false"/>
                <line number="274" hits="0" branch="false"/>
              </lines>
            </method>
            <method name="single_border" signature="" line-rate="0" branch-rate="0" complexity="0">
              <lines>
                <line number="284" hits="0" branch="false"/>
                <line number="285" hits="0" branch="false"/>
                <line number="286" hits="0" branch="false"/>
                <line number="287" hits="0" branch="false"/>
                <line number="288" hits="0" branch="false"/>
                <line number="289" hits="0" branch="false"/>
                <line number="290" hits="0" branch="false"/>
                <line number="291" hits="0" branch="false"/>
                <line number="292" hits="0" branch="false"/>
                <line number="293" hits="0" branch="false"/>
                <line number="294" hits="0" branch="false"/>
              </lines>
            </method>
            <method name="row_border" signature="" line-rate="0" branch-rate="0" complexity="0">
              <lines>
                <line number="304" hits="0" branch="false"/>
                <line number="305" hits="0" branch="false"/>
                <line number="306" hits="0" branch="false"/>
                <line number="307" hits="0" branch="false"/>
              </lines>
            </method>
            <method name="old_format" signature="" line-rate="0.9375" branch-rate="0" complexity="0">
              <lines>
                <line number="323" hits="25" branch="false"/>
                <line number="324" hits="0" branch="false"/>
                <line number="327" hits="25" branch="false"/>
                <line number="330" hits="25" branch="false"/>
                <line number="331" hits="25" branch="false"/>
                <line number="332" hits="5" branch="false"/>
                <line number="333" hits="5" branch="false"/>
                <line number="334" hits="5" branch="false"/>
                <line number="335" hits="5" branch="false"/>
                <line number="336" hits="5" branch="false"/>
                <line number="339" hits="20" branch="false"/>
                <line number="340" hits="32" branch="false"/>
                <line number="341" hits="32" branch="false"/>
                <line number="342" hits="32" branch="false"/>
                <line number="343" hits="32" branch="false"/>
                <line number="347" hits="25" branch="false"/>
              </lines>
            </method>
          </methods>
          <lines>
            <line number="174" hits="23" branch="false"/>
            <line number="175" hits="0" branch="false"/>
            <line number="176" hits="23" branch="false"/>
            <line number="177" hits="0" branch="false"/>
            <line number="179" hits="23" branch="false"/>
            <line number="180" hits="3" branch="false"/>
            <line number="182" hits="23" branch="false"/>
            <line number="184" hits="23" branch="false"/>
            <line number="189" hits="219" branch="false"/>
            <line number="190" hits="25" branch="false"/>
            <line number="191" hits="25" branch="false"/>
            <line number="192" hits="25" branch="false"/>
            <line number="193" hits="25" branch="false"/>
            <line number="194" hits="25" branch="false"/>
            <line number="195" hits="25" branch="false"/>
            <line number="196" hits="25" branch="false"/>
            <line number="197" hits="25" branch="false"/>
            <line number="198" hits="25" branch="false"/>
            <line number="199" hits="25" branch="false"/>
            <line number="201" hits="25" branch="false"/>
            <line number="202" hits="25" branch="false"/>
            <line number="204" hits="194" branch="false"/>
            <line number="207" hits="23" branch="false"/>
            <line number="211" hits="219" branch="false"/>
            <line number="212" hits="219" branch="false"/>
            <line number="213" hits="818" branch="false"/>
            <line number="214" hits="25" branch="false"/>
            <line number="217" hits="194" branch="false"/>
            <line number="228" hits="27" branch="false"/>
            <line number="229" hits="0" branch="false"/>
            <line number="231" hits="27" branch="false"/>
            <line number="232" hits="27" branch="false"/>
            <line number="246" hits="38" branch="false"/>
            <line number="247" hits="38" branch="false"/>
            <line number="248" hits="38" branch="false"/>
            <line number="249" hits="38" branch="false"/>
            <line number="250" hits="38" branch="false"/>
            <line number="251" hits="38" branch="false"/>
            <line number="252" hits="38" branch="false"/>
            <line number="253" hits="38" branch="false"/>
            <line number="254" hits="38" branch="false"/>
            <line number="255" hits="38" branch="false"/>
            <line number="256" hits="38" branch="false"/>
            <line number="257" hits="38" branch="false"/>
            <line number="258" hits="38" branch="false"/>
            <line number="268" hits="0" branch="false"/>
            <line number="269" hits="0" branch="false"/>
            <line number="270" hits="0" branch="false"/>
            <line number="271" hits="0" branch="false"/>
            <line number="272" hits="0" branch="false"/>
            <line number="273" hits="0" branch="false"/>
            <line number="274" hits="0" branch="false"/>
            <line number="284" hits="0" branch="false"/>
            <line number="285" hits="0" branch="false"/>
            <line number="286" hits="0" branch="false"/>
            <line number="287" hits="0" branch="false"/>
            <line number="288" hits="0" branch="false"/>
            <line number="289" hits="0" branch="false"/>
            <line number="290" hits="0" branch="false"/>
            <line number="291" hits="0" branch="false"/>
            <line number="292" hits="0" branch="false"/>
            <line number="293" hits="0" branch="false"/>
            <line number="294" hits="0" branch="false"/>
            <line number="304" hits="0" branch="false"/>
            <line number="305" hits="0" branch="false"/>
            <line number="306" hits="0" branch="false"/>
            <line number="307" hits="0" branch="false"/>
            <line number="323" hits="25" branch="false"/>
            <line number="324" hits="0" branch="false"/>
            <line number="327" hits="25" branch="false"/>
            <line number="330" hits="25" branch="false"/>
            <line number="331" hits="25" branch="false"/>
            <line number="332" hits="5" branch="false"/>
            <line number="333" hits="5" branch="false"/>
            <line number="334" hits="5" branch="false"/>
            <line number="335" hits="5" branch="false"/>
            <line number="336" hits="5" branch="false"/>
            <line number="339" hits="20" branch="false"/>
            <line number="340" hits="32" branch="false"/>
            <line number="341" hits="32" branch="false"/>
            <line number="342" hits="32" branch="false"/>
            <line number="343" hits="32" branch="false"/>
            <line number="347" hits="25" branch="false"/>
          </lines>
        </class>
        <class name="add_format.R" filename="R/add_format.R" line-rate="1" branch-rate="0" complexity="0">
          <methods>
            <method name="add_format" signature="" line-rate="1" branch-rate="0" complexity="0">
              <lines>
                <line number="32" hits="17" branch="false"/>
                <line number="33" hits="17" branch="false"/>
                <line number="34" hits="17" branch="false"/>
                <line number="35" hits="17" branch="false"/>
                <line number="37" hits="10" branch="false"/>
                <line number="38" hits="10" branch="false"/>
                <line number="39" hits="10" branch="false"/>
                <line number="40" hits="10" branch="false"/>
                <line number="42" hits="10" branch="false"/>
                <line number="43" hits="4" branch="false"/>
                <line number="45" hits="6" branch="false"/>
                <line number="46" hits="6" branch="false"/>
              </lines>
            </method>
            <method name="add_newpage" signature="" line-rate="1" branch-rate="0" complexity="0">
              <lines>
                <line number="60" hits="10" branch="false"/>
                <line number="61" hits="4" branch="false"/>
                <line number="62" hits="4" branch="false"/>
                <line number="63" hits="4" branch="false"/>
                <line number="64" hits="4" branch="false"/>
                <line number="65" hits="4" branch="false"/>
                <line number="66" hits="4" branch="false"/>
                <line number="67" hits="4" branch="false"/>
                <line number="68" hits="4" branch="false"/>
                <line number="69" hits="4" branch="false"/>
                <line number="70" hits="4" branch="false"/>
                <line number="71" hits="4" branch="false"/>
                <line number="72" hits="4" branch="false"/>
                <line number="73" hits="4" branch="false"/>
                <line number="74" hits="4" branch="false"/>
                <line number="75" hits="4" branch="false"/>
                <line number="77" hits="6" branch="false"/>
                <line number="78" hits="6" branch="false"/>
              </lines>
            </method>
          </methods>
          <lines>
            <line number="32" hits="17" branch="false"/>
            <line number="33" hits="17" branch="false"/>
            <line number="34" hits="17" branch="false"/>
            <line number="35" hits="17" branch="false"/>
            <line number="37" hits="10" branch="false"/>
            <line number="38" hits="10" branch="false"/>
            <line number="39" hits="10" branch="false"/>
            <line number="40" hits="10" branch="false"/>
            <line number="42" hits="10" branch="false"/>
            <line number="43" hits="4" branch="false"/>
            <line number="45" hits="6" branch="false"/>
            <line number="46" hits="6" branch="false"/>
            <line number="60" hits="10" branch="false"/>
            <line number="61" hits="4" branch="false"/>
            <line number="62" hits="4" branch="false"/>
            <line number="63" hits="4" branch="false"/>
            <line number="64" hits="4" branch="false"/>
            <line number="65" hits="4" branch="false"/>
            <line number="66" hits="4" branch="false"/>
            <line number="67" hits="4" branch="false"/>
            <line number="68" hits="4" branch="false"/>
            <line number="69" hits="4" branch="false"/>
            <line number="70" hits="4" branch="false"/>
            <line number="71" hits="4" branch="false"/>
            <line number="72" hits="4" branch="false"/>
            <line number="73" hits="4" branch="false"/>
            <line number="74" hits="4" branch="false"/>
            <line number="75" hits="4" branch="false"/>
            <line number="77" hits="6" branch="false"/>
            <line number="78" hits="6" branch="false"/>
          </lines>
        </class>
        <class name="add_indent.R" filename="R/add_indent.R" line-rate="0.875" branch-rate="0" complexity="0">
          <methods>
            <method name="add_indent" signature="" line-rate="0.875" branch-rate="0" complexity="0">
              <lines>
                <line number="50" hits="10" branch="false"/>
                <line number="53" hits="10" branch="false"/>
                <line number="54" hits="7" branch="false"/>
                <line number="55" hits="7" branch="false"/>
                <line number="57" hits="10" branch="false"/>
                <line number="58" hits="0" branch="false"/>
                <line number="59" hits="0" branch="false"/>
                <line number="64" hits="10" branch="false"/>
                <line number="65" hits="10" branch="false"/>
                <line number="66" hits="10" branch="false"/>
                <line number="67" hits="10" branch="false"/>
                <line number="68" hits="10" branch="false"/>
                <line number="70" hits="0" branch="false"/>
                <line number="71" hits="0" branch="false"/>
                <line number="75" hits="10" branch="false"/>
                <line number="77" hits="10" branch="false"/>
                <line number="78" hits="10" branch="false"/>
                <line number="79" hits="10" branch="false"/>
                <line number="80" hits="10" branch="false"/>
                <line number="81" hits="10" branch="false"/>
                <line number="82" hits="10" branch="false"/>
                <line number="83" hits="10" branch="false"/>
                <line number="84" hits="10" branch="false"/>
                <line number="85" hits="10" branch="false"/>
                <line number="86" hits="10" branch="false"/>
                <line number="87" hits="10" branch="false"/>
                <line number="88" hits="10" branch="false"/>
                <line number="89" hits="10" branch="false"/>
                <line number="90" hits="10" branch="false"/>
                <line number="91" hits="10" branch="false"/>
                <line number="92" hits="10" branch="false"/>
                <line number="93" hits="10" branch="false"/>
              </lines>
            </method>
          </methods>
          <lines>
            <line number="50" hits="10" branch="false"/>
            <line number="53" hits="10" branch="false"/>
            <line number="54" hits="7" branch="false"/>
            <line number="55" hits="7" branch="false"/>
            <line number="57" hits="10" branch="false"/>
            <line number="58" hits="0" branch="false"/>
            <line number="59" hits="0" branch="false"/>
            <line number="64" hits="10" branch="false"/>
            <line number="65" hits="10" branch="false"/>
            <line number="66" hits="10" branch="false"/>
            <line number="67" hits="10" branch="false"/>
            <line number="68" hits="10" branch="false"/>
            <line number="70" hits="0" branch="false"/>
            <line number="71" hits="0" branch="false"/>
            <line number="75" hits="10" branch="false"/>
            <line number="77" hits="10" branch="false"/>
            <line number="78" hits="10" branch="false"/>
            <line number="79" hits="10" branch="false"/>
            <line number="80" hits="10" branch="false"/>
            <line number="81" hits="10" branch="false"/>
            <line number="82" hits="10" branch="false"/>
            <line number="83" hits="10" branch="false"/>
            <line number="84" hits="10" branch="false"/>
            <line number="85" hits="10" branch="false"/>
            <line number="86" hits="10" branch="false"/>
            <line number="87" hits="10" branch="false"/>
            <line number="88" hits="10" branch="false"/>
            <line number="89" hits="10" branch="false"/>
            <line number="90" hits="10" branch="false"/>
            <line number="91" hits="10" branch="false"/>
            <line number="92" hits="10" branch="false"/>
            <line number="93" hits="10" branch="false"/>
          </lines>
        </class>
        <class name="add_newrows.R" filename="R/add_newrows.R" line-rate="0.76" branch-rate="0" complexity="0">
          <methods>
            <method name="add_newrows" signature="" line-rate="0.76" branch-rate="0" complexity="0">
              <lines>
                <line number="79" hits="10" branch="false"/>
                <line number="80" hits="10" branch="false"/>
                <line number="81" hits="10" branch="false"/>
                <line number="82" hits="10" branch="false"/>
                <line number="83" hits="10" branch="false"/>
                <line number="84" hits="10" branch="false"/>
                <line number="85" hits="10" branch="false"/>
                <line number="86" hits="10" branch="false"/>
                <line number="87" hits="10" branch="false"/>
                <line number="88" hits="10" branch="false"/>
                <line number="89" hits="10" branch="false"/>
                <line number="90" hits="10" branch="false"/>
                <line number="91" hits="10" branch="false"/>
                <line number="92" hits="10" branch="false"/>
                <line number="93" hits="10" branch="false"/>
                <line number="94" hits="10" branch="false"/>
                <line number="95" hits="10" branch="false"/>
                <line number="97" hits="10" branch="false"/>
                <line number="98" hits="0" branch="false"/>
                <line number="99" hits="0" branch="false"/>
                <line number="100" hits="0" branch="false"/>
                <line number="101" hits="0" branch="false"/>
                <line number="102" hits="0" branch="false"/>
                <line number="103" hits="0" branch="false"/>
                <line number="105" hits="10" branch="false"/>
              </lines>
            </method>
          </methods>
          <lines>
            <line number="79" hits="10" branch="false"/>
            <line number="80" hits="10" branch="false"/>
            <line number="81" hits="10" branch="false"/>
            <line number="82" hits="10" branch="false"/>
            <line number="83" hits="10" branch="false"/>
            <line number="84" hits="10" branch="false"/>
            <line number="85" hits="10" branch="false"/>
            <line number="86" hits="10" branch="false"/>
            <line number="87" hits="10" branch="false"/>
            <line number="88" hits="10" branch="false"/>
            <line number="89" hits="10" branch="false"/>
            <line number="90" hits="10" branch="false"/>
            <line number="91" hits="10" branch="false"/>
            <line number="92" hits="10" branch="false"/>
            <line number="93" hits="10" branch="false"/>
            <line number="94" hits="10" branch="false"/>
            <line number="95" hits="10" branch="false"/>
            <line number="97" hits="10" branch="false"/>
            <line number="98" hits="0" branch="false"/>
            <line number="99" hits="0" branch="false"/>
            <line number="100" hits="0" branch="false"/>
            <line number="101" hits="0" branch="false"/>
            <line number="102" hits="0" branch="false"/>
            <line number="103" hits="0" branch="false"/>
            <line number="105" hits="10" branch="false"/>
          </lines>
        </class>
        <class name="bind_table.R" filename="R/bind_table.R" line-rate="0.8828125" branch-rate="0" complexity="0">
          <methods>
            <method name="bind_table" signature="" line-rate="0.962962962962963" branch-rate="0" complexity="0">
              <lines>
                <line number="115" hits="10" branch="false"/>
                <line number="116" hits="10" branch="false"/>
                <line number="117" hits="1" branch="false"/>
                <line number="121" hits="10" branch="false"/>
                <line number="122" hits="10" branch="false"/>
                <line number="123" hits="10" branch="false"/>
                <line number="124" hits="10" branch="false"/>
                <line number="125" hits="10" branch="false"/>
                <line number="126" hits="10" branch="false"/>
                <line number="129" hits="10" branch="false"/>
                <line number="130" hits="10" branch="false"/>
                <line number="131" hits="6" branch="false"/>
                <line number="132" hits="6" branch="false"/>
                <line number="133" hits="6" branch="false"/>
                <line number="134" hits="5" branch="false"/>
                <line number="135" hits="6" branch="false"/>
                <line number="136" hits="1" branch="false"/>
                <line number="137" hits="6" branch="false"/>
                <line number="138" hits="6" branch="false"/>
                <line number="140" hits="4" branch="false"/>
                <line number="141" hits="4" branch="false"/>
                <line number="142" hits="4" branch="false"/>
                <line number="143" hits="4" branch="false"/>
                <line number="145" hits="4" branch="false"/>
                <line number="146" hits="1" branch="false"/>
                <line number="147" hits="1" branch="false"/>
                <line number="148" hits="1" branch="false"/>
                <line number="150" hits="1" branch="false"/>
                <line number="151" hits="1" branch="false"/>
                <line number="153" hits="0" branch="false"/>
                <line number="154" hits="1" branch="false"/>
                <line number="155" hits="3" branch="false"/>
                <line number="156" hits="3" branch="false"/>
                <line number="157" hits="3" branch="false"/>
                <line number="158" hits="3" branch="false"/>
                <line number="159" hits="3" branch="false"/>
                <line number="160" hits="3" branch="false"/>
                <line number="161" hits="3" branch="false"/>
                <line number="162" hits="3" branch="false"/>
                <line number="163" hits="3" branch="false"/>
                <line number="164" hits="3" branch="false"/>
                <line number="165" hits="3" branch="false"/>
                <line number="166" hits="3" branch="false"/>
                <line number="167" hits="3" branch="false"/>
                <line number="168" hits="3" branch="false"/>
                <line number="170" hits="1" branch="false"/>
                <line number="171" hits="1" branch="false"/>
                <line number="172" hits="1" branch="false"/>
                <line number="173" hits="1" branch="false"/>
                <line number="174" hits="1" branch="false"/>
                <line number="175" hits="1" branch="false"/>
                <line number="176" hits="1" branch="false"/>
                <line number="177" hits="0" branch="false"/>
                <line number="178" hits="1" branch="false"/>
                <line number="179" hits="1" branch="false"/>
                <line number="181" hits="3" branch="false"/>
                <line number="182" hits="3" branch="false"/>
                <line number="183" hits="3" branch="false"/>
                <line number="184" hits="3" branch="false"/>
                <line number="185" hits="3" branch="false"/>
                <line number="186" hits="3" branch="false"/>
                <line number="187" hits="3" branch="false"/>
                <line number="188" hits="3" branch="false"/>
                <line number="189" hits="3" branch="false"/>
                <line number="190" hits="3" branch="false"/>
                <line number="191" hits="3" branch="false"/>
                <line number="192" hits="3" branch="false"/>
                <line number="193" hits="3" branch="false"/>
                <line number="194" hits="3" branch="false"/>
                <line number="195" hits="3" branch="false"/>
                <line number="196" hits="3" branch="false"/>
                <line number="197" hits="3" branch="false"/>
                <line number="198" hits="0" branch="false"/>
                <line number="199" hits="3" branch="false"/>
                <line number="200" hits="3" branch="false"/>
                <line number="204" hits="10" branch="false"/>
                <line number="205" hits="2" branch="false"/>
                <line number="206" hits="2" branch="false"/>
                <line number="209" hits="2" branch="false"/>
                <line number="210" hits="2" branch="false"/>
                <line number="213" hits="10" branch="false"/>
              </lines>
            </method>
            <method name="add_rowtext_by" signature="" line-rate="0.333333333333333" branch-rate="0" complexity="0">
              <lines>
                <line number="227" hits="8" branch="false"/>
                <line number="228" hits="0" branch="false"/>
                <line number="229" hits="0" branch="false"/>
                <line number="230" hits="0" branch="false"/>
                <line number="231" hits="0" branch="false"/>
                <line number="232" hits="0" branch="false"/>
                <line number="233" hits="0" branch="false"/>
                <line number="234" hits="0" branch="false"/>
                <line number="235" hits="0" branch="false"/>
                <line number="236" hits="0" branch="false"/>
                <line number="237" hits="0" branch="false"/>
                <line number="238" hits="0" branch="false"/>
                <line number="239" hits="0" branch="false"/>
                <line number="242" hits="8" branch="false"/>
                <line number="243" hits="8" branch="false"/>
                <line number="245" hits="8" branch="false"/>
                <line number="246" hits="8" branch="false"/>
                <line number="249" hits="8" branch="false"/>
              </lines>
            </method>
            <method name="add_anbr" signature="" line-rate="1" branch-rate="0" complexity="0">
              <lines>
                <line number="264" hits="23" branch="false"/>
                <line number="266" hits="10" branch="false"/>
                <line number="270" hits="23" branch="false"/>
                <line number="271" hits="23" branch="false"/>
                <line number="273" hits="5" branch="false"/>
                <line number="274" hits="5" branch="false"/>
                <line number="275" hits="5" branch="false"/>
                <line number="276" hits="5" branch="false"/>
                <line number="277" hits="5" branch="false"/>
                <line number="278" hits="5" branch="false"/>
                <line number="279" hits="5" branch="false"/>
                <line number="280" hits="5" branch="false"/>
                <line number="282" hits="5" branch="false"/>
                <line number="283" hits="5" branch="false"/>
                <line number="284" hits="5" branch="false"/>
                <line number="286" hits="18" branch="false"/>
                <line number="287" hits="2" branch="false"/>
                <line number="288" hits="2" branch="false"/>
                <line number="291" hits="18" branch="false"/>
                <line number="293" hits="18" branch="false"/>
                <line number="295" hits="18" branch="false"/>
                <line number="296" hits="18" branch="false"/>
              </lines>
            </method>
            <method name="get_tby_denoms" signature="" line-rate="1" branch-rate="0" complexity="0">
              <lines>
                <line number="312" hits="3" branch="false"/>
                <line number="313" hits="3" branch="false"/>
                <line number="315" hits="3" branch="false"/>
                <line number="316" hits="3" branch="false"/>
                <line number="317" hits="3" branch="false"/>
                <line number="319" hits="3" branch="false"/>
                <line number="321" hits="3" branch="false"/>
              </lines>
            </method>
          </methods>
          <lines>
            <line number="115" hits="10" branch="false"/>
            <line number="116" hits="10" branch="false"/>
            <line number="117" hits="1" branch="false"/>
            <line number="121" hits="10" branch="false"/>
            <line number="122" hits="10" branch="false"/>
            <line number="123" hits="10" branch="false"/>
            <line number="124" hits="10" branch="false"/>
            <line number="125" hits="10" branch="false"/>
            <line number="126" hits="10" branch="false"/>
            <line number="129" hits="10" branch="false"/>
            <line number="130" hits="10" branch="false"/>
            <line number="131" hits="6" branch="false"/>
            <line number="132" hits="6" branch="false"/>
            <line number="133" hits="6" branch="false"/>
            <line number="134" hits="5" branch="false"/>
            <line number="135" hits="6" branch="false"/>
            <line number="136" hits="1" branch="false"/>
            <line number="137" hits="6" branch="false"/>
            <line number="138" hits="6" branch="false"/>
            <line number="140" hits="4" branch="false"/>
            <line number="141" hits="4" branch="false"/>
            <line number="142" hits="4" branch="false"/>
            <line number="143" hits="4" branch="false"/>
            <line number="145" hits="4" branch="false"/>
            <line number="146" hits="1" branch="false"/>
            <line number="147" hits="1" branch="false"/>
            <line number="148" hits="1" branch="false"/>
            <line number="150" hits="1" branch="false"/>
            <line number="151" hits="1" branch="false"/>
            <line number="153" hits="0" branch="false"/>
            <line number="154" hits="1" branch="false"/>
            <line number="155" hits="3" branch="false"/>
            <line number="156" hits="3" branch="false"/>
            <line number="157" hits="3" branch="false"/>
            <line number="158" hits="3" branch="false"/>
            <line number="159" hits="3" branch="false"/>
            <line number="160" hits="3" branch="false"/>
            <line number="161" hits="3" branch="false"/>
            <line number="162" hits="3" branch="false"/>
            <line number="163" hits="3" branch="false"/>
            <line number="164" hits="3" branch="false"/>
            <line number="165" hits="3" branch="false"/>
            <line number="166" hits="3" branch="false"/>
            <line number="167" hits="3" branch="false"/>
            <line number="168" hits="3" branch="false"/>
            <line number="170" hits="1" branch="false"/>
            <line number="171" hits="1" branch="false"/>
            <line number="172" hits="1" branch="false"/>
            <line number="173" hits="1" branch="false"/>
            <line number="174" hits="1" branch="false"/>
            <line number="175" hits="1" branch="false"/>
            <line number="176" hits="1" branch="false"/>
            <line number="177" hits="0" branch="false"/>
            <line number="178" hits="1" branch="false"/>
            <line number="179" hits="1" branch="false"/>
            <line number="181" hits="3" branch="false"/>
            <line number="182" hits="3" branch="false"/>
            <line number="183" hits="3" branch="false"/>
            <line number="184" hits="3" branch="false"/>
            <line number="185" hits="3" branch="false"/>
            <line number="186" hits="3" branch="false"/>
            <line number="187" hits="3" branch="false"/>
            <line number="188" hits="3" branch="false"/>
            <line number="189" hits="3" branch="false"/>
            <line number="190" hits="3" branch="false"/>
            <line number="191" hits="3" branch="false"/>
            <line number="192" hits="3" branch="false"/>
            <line number="193" hits="3" branch="false"/>
            <line number="194" hits="3" branch="false"/>
            <line number="195" hits="3" branch="false"/>
            <line number="196" hits="3" branch="false"/>
            <line number="197" hits="3" branch="false"/>
            <line number="198" hits="0" branch="false"/>
            <line number="199" hits="3" branch="false"/>
            <line number="200" hits="3" branch="false"/>
            <line number="204" hits="10" branch="false"/>
            <line number="205" hits="2" branch="false"/>
            <line number="206" hits="2" branch="false"/>
            <line number="209" hits="2" branch="false"/>
            <line number="210" hits="2" branch="false"/>
            <line number="213" hits="10" branch="false"/>
            <line number="227" hits="8" branch="false"/>
            <line number="228" hits="0" branch="false"/>
            <line number="229" hits="0" branch="false"/>
            <line number="230" hits="0" branch="false"/>
            <line number="231" hits="0" branch="false"/>
            <line number="232" hits="0" branch="false"/>
            <line number="233" hits="0" branch="false"/>
            <line number="234" hits="0" branch="false"/>
            <line number="235" hits="0" branch="false"/>
            <line number="236" hits="0" branch="false"/>
            <line number="237" hits="0" branch="false"/>
            <line number="238" hits="0" branch="false"/>
            <line number="239" hits="0" branch="false"/>
            <line number="242" hits="8" branch="false"/>
            <line number="243" hits="8" branch="false"/>
            <line number="245" hits="8" branch="false"/>
            <line number="246" hits="8" branch="false"/>
            <line number="249" hits="8" branch="false"/>
            <line number="264" hits="23" branch="false"/>
            <line number="266" hits="10" branch="false"/>
            <line number="270" hits="23" branch="false"/>
            <line number="271" hits="23" branch="false"/>
            <line number="273" hits="5" branch="false"/>
            <line number="274" hits="5" branch="false"/>
            <line number="275" hits="5" branch="false"/>
            <line number="276" hits="5" branch="false"/>
            <line number="277" hits="5" branch="false"/>
            <line number="278" hits="5" branch="false"/>
            <line number="279" hits="5" branch="false"/>
            <line number="280" hits="5" branch="false"/>
            <line number="282" hits="5" branch="false"/>
            <line number="283" hits="5" branch="false"/>
            <line number="284" hits="5" branch="false"/>
            <line number="286" hits="18" branch="false"/>
            <line number="287" hits="2" branch="false"/>
            <line number="288" hits="2" branch="false"/>
            <line number="291" hits="18" branch="false"/>
            <line number="293" hits="18" branch="false"/>
            <line number="295" hits="18" branch="false"/>
            <line number="296" hits="18" branch="false"/>
            <line number="312" hits="3" branch="false"/>
            <line number="313" hits="3" branch="false"/>
            <line number="315" hits="3" branch="false"/>
            <line number="316" hits="3" branch="false"/>
            <line number="317" hits="3" branch="false"/>
            <line number="319" hits="3" branch="false"/>
            <line number="321" hits="3" branch="false"/>
          </lines>
        </class>
        <class name="check_args.R" filename="R/check_args.R" line-rate="0.842911877394636" branch-rate="0" complexity="0">
          <methods>
            <method name="check_req_arg" signature="" line-rate="1" branch-rate="0" complexity="0">
              <lines>
                <line number="8" hits="579" branch="false"/>
                <line number="9" hits="579" branch="false"/>
              </lines>
            </method>
            <method name="check_is_statlist" signature="" line-rate="1" branch-rate="0" complexity="0">
              <lines>
                <line number="19" hits="162" branch="false"/>
              </lines>
            </method>
            <method name="check_is_nested_rowvar" signature="" line-rate="1" branch-rate="0" complexity="0">
              <lines>
                <line number="29" hits="38" branch="false"/>
                <line number="30" hits="4" branch="false"/>
                <line number="32" hits="34" branch="false"/>
                <line number="33" hits="34" branch="false"/>
                <line number="34" hits="34" branch="false"/>
                <line number="35" hits="34" branch="false"/>
                <line number="36" hits="1" branch="false"/>
                <line number="38" hits="33" branch="false"/>
              </lines>
            </method>
            <method name="check_is_data_frame" signature="" line-rate="1" branch-rate="0" complexity="0">
              <lines>
                <line number="49" hits="290" branch="false"/>
                <line number="50" hits="290" branch="false"/>
              </lines>
            </method>
            <method name="check_is_numeric" signature="" line-rate="1" branch-rate="0" complexity="0">
              <lines>
                <line number="60" hits="216" branch="false"/>
                <line number="61" hits="216" branch="false"/>
              </lines>
            </method>
            <method name="check_is_boolean" signature="" line-rate="1" branch-rate="0" complexity="0">
              <lines>
                <line number="71" hits="587" branch="false"/>
                <line number="72" hits="587" branch="false"/>
              </lines>
            </method>
            <method name="check_is_character" signature="" line-rate="1" branch-rate="0" complexity="0">
              <lines>
                <line number="82" hits="542" branch="false"/>
                <line number="83" hits="542" branch="false"/>
              </lines>
            </method>
            <method name="check_arg_exists" signature="" line-rate="1" branch-rate="0" complexity="0">
              <lines>
                <line number="94" hits="443" branch="false"/>
                <line number="95" hits="443" branch="false"/>
                <line number="96" hits="435" branch="false"/>
                <line number="97" hits="33" branch="false"/>
                <line number="98" hits="33" branch="false"/>
                <line number="99" hits="33" branch="false"/>
                <line number="102" hits="443" branch="false"/>
                <line number="103" hits="19" branch="false"/>
                <line number="105" hits="424" branch="false"/>
              </lines>
            </method>
            <method name="check_file" signature="" line-rate="1" branch-rate="0" complexity="0">
              <lines>
                <line number="114" hits="16" branch="false"/>
                <line number="115" hits="16" branch="false"/>
                <line number="116" hits="8" branch="false"/>
                <line number="118" hits="8" branch="false"/>
              </lines>
            </method>
            <method name="check_words" signature="" line-rate="1" branch-rate="0" complexity="0">
              <lines>
                <line number="130" hits="64" branch="false"/>
                <line number="131" hits="64" branch="false"/>
                <line number="132" hits="64" branch="false"/>
              </lines>
            </method>
            <method name="make_function" signature="" line-rate="1" branch-rate="0" complexity="0">
              <lines>
                <line number="136" hits="64" branch="false"/>
              </lines>
            </method>
            <method name="check_statlist_univar" signature="" line-rate="1" branch-rate="0" complexity="0">
              <lines>
                <line number="147" hits="45" branch="false"/>
                <line number="148" hits="45" branch="false"/>
                <line number="149" hits="45" branch="false"/>
                <line number="150" hits="45" branch="false"/>
                <line number="151" hits="45" branch="false"/>
                <line number="152" hits="45" branch="false"/>
              </lines>
            </method>
            <method name="check_statlist_freq" signature="" line-rate="1" branch-rate="0" complexity="0">
              <lines>
                <line number="162" hits="68" branch="false"/>
                <line number="163" hits="68" branch="false"/>
                <line number="164" hits="68" branch="false"/>
                <line number="165" hits="68" branch="false"/>
                <line number="166" hits="68" branch="false"/>
              </lines>
            </method>
            <method name="check_cutoff_stat" signature="" line-rate="1" branch-rate="0" complexity="0">
              <lines>
                <line number="176" hits="64" branch="false"/>
                <line number="177" hits="63" branch="false"/>
                <line number="179" hits="1" branch="false"/>
                <line number="180" hits="1" branch="false"/>
                <line number="181" hits="1" branch="false"/>
                <line number="182" hits="1" branch="false"/>
              </lines>
            </method>
            <method name="check_arg_tlf" signature="" line-rate="1" branch-rate="0" complexity="0">
              <lines>
                <line number="193" hits="32" branch="false"/>
                <line number="194" hits="32" branch="false"/>
              </lines>
            </method>
            <method name="check_arg_format" signature="" line-rate="1" branch-rate="0" complexity="0">
              <lines>
                <line number="204" hits="32" branch="false"/>
                <line number="205" hits="32" branch="false"/>
              </lines>
            </method>
            <method name="check_names_column_metadata" signature="" line-rate="0" branch-rate="0" complexity="0">
              <lines>
                <line number="215" hits="0" branch="false"/>
              </lines>
            </method>
            <method name="check_any_na" signature="" line-rate="0" branch-rate="0" complexity="0">
              <lines>
                <line number="225" hits="0" branch="false"/>
              </lines>
            </method>
            <method name="check_all_na" signature="" line-rate="0" branch-rate="0" complexity="0">
              <lines>
                <line number="235" hits="0" branch="false"/>
              </lines>
            </method>
            <method name="check_geo_est" signature="" line-rate="1" branch-rate="0" complexity="0">
              <lines>
                <line number="245" hits="5" branch="false"/>
              </lines>
            </method>
            <method name="check_decimal" signature="" line-rate="0" branch-rate="0" complexity="0">
              <lines>
                <line number="255" hits="0" branch="false"/>
              </lines>
            </method>
            <method name="check_nested_vars" signature="" line-rate="0" branch-rate="0" complexity="0">
              <lines>
                <line number="266" hits="0" branch="false"/>
              </lines>
            </method>
            <method name="check_in_df" signature="" line-rate="1" branch-rate="0" complexity="0">
              <lines>
                <line number="289" hits="251" branch="false"/>
                <line number="291" hits="251" branch="false"/>
                <line number="292" hits="251" branch="false"/>
                <line number="293" hits="251" branch="false"/>
                <line number="294" hits="251" branch="false"/>
                <line number="295" hits="251" branch="false"/>
                <line number="296" hits="251" branch="false"/>
                <line number="297" hits="251" branch="false"/>
                <line number="298" hits="251" branch="false"/>
                <line number="299" hits="251" branch="false"/>
                <line number="300" hits="251" branch="false"/>
              </lines>
            </method>
            <method name="check_nested_rowvar" signature="" line-rate="1" branch-rate="0" complexity="0">
              <lines>
                <line number="313" hits="38" branch="false"/>
                <line number="314" hits="38" branch="false"/>
                <line number="315" hits="38" branch="false"/>
                <line number="316" hits="38" branch="false"/>
                <line number="317" hits="38" branch="false"/>
                <line number="318" hits="38" branch="false"/>
                <line number="319" hits="38" branch="false"/>
                <line number="320" hits="38" branch="false"/>
              </lines>
            </method>
            <method name="check_in_df_bind_table" signature="" line-rate="0" branch-rate="0" complexity="0">
              <lines>
                <line number="333" hits="0" branch="false"/>
                <line number="334" hits="0" branch="false"/>
                <line number="336" hits="0" branch="false"/>
                <line number="337" hits="0" branch="false"/>
                <line number="338" hits="0" branch="false"/>
                <line number="339" hits="0" branch="false"/>
                <line number="340" hits="0" branch="false"/>
                <line number="341" hits="0" branch="false"/>
                <line number="342" hits="0" branch="false"/>
                <line number="343" hits="0" branch="false"/>
                <line number="344" hits="0" branch="false"/>
                <line number="345" hits="0" branch="false"/>
                <line number="346" hits="0" branch="false"/>
                <line number="347" hits="0" branch="false"/>
                <line number="348" hits="0" branch="false"/>
                <line number="349" hits="0" branch="false"/>
                <line number="350" hits="0" branch="false"/>
              </lines>
            </method>
            <method name="check_cutoff_format" signature="" line-rate="0.6" branch-rate="0" complexity="0">
              <lines>
                <line number="384" hits="63" branch="false"/>
                <line number="385" hits="57" branch="false"/>
                <line number="387" hits="6" branch="false"/>
                <line number="388" hits="6" branch="false"/>
                <line number="389" hits="6" branch="false"/>
                <line number="390" hits="6" branch="false"/>
                <line number="392" hits="0" branch="false"/>
                <line number="393" hits="0" branch="false"/>
                <line number="394" hits="0" branch="false"/>
                <line number="395" hits="0" branch="false"/>
              </lines>
            </method>
            <method name="check_req_fields" signature="" line-rate="1" branch-rate="0" complexity="0">
              <lines>
                <line number="409" hits="11" branch="false"/>
                <line number="410" hits="11" branch="false"/>
                <line number="411" hits="11" branch="false"/>
                <line number="412" hits="10" branch="false"/>
                <line number="415" hits="1" branch="false"/>
                <line number="416" hits="1" branch="false"/>
                <line number="417" hits="1" branch="false"/>
                <line number="418" hits="1" branch="false"/>
              </lines>
            </method>
            <method name="check_req_vars" signature="" line-rate="1" branch-rate="0" complexity="0">
              <lines>
                <line number="431" hits="223" branch="false"/>
                <line number="432" hits="223" branch="false"/>
                <line number="433" hits="223" branch="false"/>
                <line number="434" hits="223" branch="false"/>
                <line number="435" hits="223" branch="false"/>
                <line number="436" hits="223" branch="false"/>
                <line number="437" hits="223" branch="false"/>
                <line number="438" hits="223" branch="false"/>
                <line number="439" hits="223" branch="false"/>
                <line number="440" hits="223" branch="false"/>
                <line number="441" hits="223" branch="false"/>
              </lines>
            </method>
            <method name="check_file_exists" signature="" line-rate="1" branch-rate="0" complexity="0">
              <lines>
                <line number="454" hits="16" branch="false"/>
                <line number="455" hits="16" branch="false"/>
                <line number="456" hits="16" branch="false"/>
                <line number="457" hits="16" branch="false"/>
                <line number="458" hits="16" branch="false"/>
                <line number="459" hits="16" branch="false"/>
                <line number="460" hits="16" branch="false"/>
                <line number="461" hits="16" branch="false"/>
                <line number="462" hits="16" branch="false"/>
                <line number="463" hits="16" branch="false"/>
                <line number="464" hits="16" branch="false"/>
              </lines>
            </method>
            <method name="check_var_types" signature="" line-rate="1" branch-rate="0" complexity="0">
              <lines>
                <line number="478" hits="193" branch="false"/>
                <line number="479" hits="193" branch="false"/>
                <line number="480" hits="193" branch="false"/>
                <line number="481" hits="193" branch="false"/>
                <line number="482" hits="193" branch="false"/>
                <line number="483" hits="193" branch="false"/>
                <line number="484" hits="193" branch="false"/>
                <line number="485" hits="193" branch="false"/>
                <line number="486" hits="193" branch="false"/>
                <line number="487" hits="193" branch="false"/>
                <line number="488" hits="193" branch="false"/>
                <line number="489" hits="193" branch="false"/>
                <line number="490" hits="193" branch="false"/>
                <line number="491" hits="193" branch="false"/>
                <line number="492" hits="193" branch="false"/>
                <line number="493" hits="193" branch="false"/>
                <line number="494" hits="193" branch="false"/>
              </lines>
            </method>
            <method name="check_var_duplicates" signature="" line-rate="0.926829268292683" branch-rate="0" complexity="0">
              <lines>
                <line number="507" hits="154" branch="false"/>
                <line number="508" hits="154" branch="false"/>
                <line number="509" hits="154" branch="false"/>
                <line number="510" hits="154" branch="false"/>
                <line number="511" hits="154" branch="false"/>
                <line number="513" hits="154" branch="false"/>
                <line number="514" hits="14" branch="false"/>
                <line number="518" hits="140" branch="false"/>
                <line number="519" hits="133" branch="false"/>
                <line number="520" hits="30" branch="false"/>
                <line number="521" hits="30" branch="false"/>
                <line number="522" hits="30" branch="false"/>
                <line number="523" hits="30" branch="false"/>
                <line number="524" hits="30" branch="false"/>
                <line number="525" hits="30" branch="false"/>
                <line number="528" hits="140" branch="false"/>
                <line number="529" hits="140" branch="false"/>
                <line number="531" hits="140" branch="false"/>
                <line number="532" hits="140" branch="false"/>
                <line number="533" hits="140" branch="false"/>
                <line number="534" hits="140" branch="false"/>
                <line number="535" hits="140" branch="false"/>
                <line number="537" hits="140" branch="false"/>
                <line number="538" hits="123" branch="false"/>
                <line number="541" hits="17" branch="false"/>
                <line number="542" hits="17" branch="false"/>
                <line number="543" hits="17" branch="false"/>
                <line number="544" hits="17" branch="false"/>
                <line number="545" hits="17" branch="false"/>
                <line number="546" hits="17" branch="false"/>
                <line number="547" hits="17" branch="false"/>
                <line number="548" hits="17" branch="false"/>
                <line number="549" hits="17" branch="false"/>
                <line number="550" hits="17" branch="false"/>
                <line number="551" hits="17" branch="false"/>
                <line number="552" hits="17" branch="false"/>
                <line number="553" hits="17" branch="false"/>
                <line number="555" hits="0" branch="false"/>
                <line number="556" hits="0" branch="false"/>
                <line number="557" hits="0" branch="false"/>
                <line number="561" hits="17" branch="false"/>
              </lines>
            </method>
            <method name="check_statlist" signature="" line-rate="1" branch-rate="0" complexity="0">
              <lines>
                <line number="573" hits="116" branch="false"/>
                <line number="574" hits="3" branch="false"/>
                <line number="575" hits="3" branch="false"/>
                <line number="576" hits="3" branch="false"/>
                <line number="577" hits="3" branch="false"/>
                <line number="578" hits="3" branch="false"/>
                <line number="580" hits="113" branch="false"/>
                <line number="581" hits="45" branch="false"/>
                <line number="583" hits="68" branch="false"/>
                <line number="586" hits="113" branch="false"/>
                <line number="587" hits="108" branch="false"/>
                <line number="590" hits="5" branch="false"/>
                <line number="591" hits="5" branch="false"/>
                <line number="592" hits="5" branch="false"/>
                <line number="593" hits="5" branch="false"/>
                <line number="594" hits="5" branch="false"/>
                <line number="595" hits="5" branch="false"/>
                <line number="596" hits="5" branch="false"/>
                <line number="598" hits="8" branch="false"/>
              </lines>
            </method>
            <method name="check_statlist_n" signature="" line-rate="1" branch-rate="0" complexity="0">
              <lines>
                <line number="610" hits="66" branch="false"/>
                <line number="611" hits="63" branch="false"/>
                <line number="613" hits="3" branch="false"/>
                <line number="614" hits="1" branch="false"/>
                <line number="617" hits="2" branch="false"/>
                <line number="619" hits="2" branch="false"/>
              </lines>
            </method>
            <method name="check_freq_cutoff" signature="" line-rate="0" branch-rate="0" complexity="0">
              <lines>
                <line number="629" hits="0" branch="false"/>
                <line number="630" hits="0" branch="false"/>
                <line number="631" hits="0" branch="false"/>
                <line number="632" hits="0" branch="false"/>
                <line number="634" hits="0" branch="false"/>
              </lines>
            </method>
            <method name="check_geo_stats" signature="" line-rate="1" branch-rate="0" complexity="0">
              <lines>
                <line number="646" hits="42" branch="false"/>
                <line number="647" hits="42" branch="false"/>
                <line number="648" hits="42" branch="false"/>
                <line number="649" hits="42" branch="false"/>
                <line number="650" hits="37" branch="false"/>
                <line number="653" hits="5" branch="false"/>
                <line number="654" hits="5" branch="false"/>
                <line number="655" hits="5" branch="false"/>
                <line number="656" hits="5" branch="false"/>
                <line number="657" hits="5" branch="false"/>
                <line number="658" hits="5" branch="false"/>
                <line number="659" hits="5" branch="false"/>
                <line number="660" hits="5" branch="false"/>
                <line number="663" hits="5" branch="false"/>
              </lines>
            </method>
            <method name="check_alpha" signature="" line-rate="1" branch-rate="0" complexity="0">
              <lines>
                <line number="673" hits="41" branch="false"/>
                <line number="674" hits="39" branch="false"/>
                <line number="676" hits="2" branch="false"/>
                <line number="677" hits="2" branch="false"/>
                <line number="678" hits="2" branch="false"/>
              </lines>
            </method>
            <method name="check_opath" signature="" line-rate="1" branch-rate="0" complexity="0">
              <lines>
                <line number="690" hits="31" branch="false"/>
                <line number="691" hits="30" branch="false"/>
                <line number="693" hits="1" branch="false"/>
                <line number="694" hits="1" branch="false"/>
                <line number="695" hits="1" branch="false"/>
              </lines>
            </method>
            <method name="check_wcol" signature="" line-rate="1" branch-rate="0" complexity="0">
              <lines>
                <line number="706" hits="26" branch="false"/>
                <line number="707" hits="26" branch="false"/>
                <line number="708" hits="26" branch="false"/>
                <line number="709" hits="26" branch="false"/>
                <line number="710" hits="26" branch="false"/>
                <line number="711" hits="26" branch="false"/>
                <line number="712" hits="26" branch="false"/>
                <line number="713" hits="26" branch="false"/>
                <line number="715" hits="26" branch="false"/>
                <line number="716" hits="25" branch="false"/>
                <line number="718" hits="1" branch="false"/>
                <line number="719" hits="1" branch="false"/>
                <line number="720" hits="1" branch="false"/>
              </lines>
            </method>
            <method name="check_plotnames" signature="" line-rate="1" branch-rate="0" complexity="0">
              <lines>
                <line number="730" hits="30" branch="false"/>
                <line number="731" hits="26" branch="false"/>
                <line number="733" hits="4" branch="false"/>
                <line number="734" hits="3" branch="false"/>
                <line number="736" hits="1" branch="false"/>
                <line number="737" hits="1" branch="false"/>
                <line number="738" hits="1" branch="false"/>
                <line number="739" hits="1" branch="false"/>
              </lines>
            </method>
            <method name="check_orientation" signature="" line-rate="1" branch-rate="0" complexity="0">
              <lines>
                <line number="750" hits="27" branch="false"/>
                <line number="751" hits="26" branch="false"/>
                <line number="753" hits="1" branch="false"/>
                <line number="754" hits="1" branch="false"/>
                <line number="755" hits="1" branch="false"/>
                <line number="756" hits="1" branch="false"/>
                <line number="757" hits="1" branch="false"/>
              </lines>
            </method>
            <method name="check_dfs_formats" signature="" line-rate="0" branch-rate="0" complexity="0">
              <lines>
                <line number="768" hits="0" branch="false"/>
                <line number="769" hits="0" branch="false"/>
                <line number="770" hits="0" branch="false"/>
                <line number="771" hits="0" branch="false"/>
                <line number="772" hits="0" branch="false"/>
                <line number="774" hits="0" branch="false"/>
                <line number="776" hits="0" branch="false"/>
                <line number="777" hits="0" branch="false"/>
                <line number="779" hits="0" branch="false"/>
                <line number="780" hits="0" branch="false"/>
                <line number="781" hits="0" branch="false"/>
                <line number="782" hits="0" branch="false"/>
                <line number="783" hits="0" branch="false"/>
              </lines>
            </method>
            <method name="check_dfs" signature="" line-rate="0.666666666666667" branch-rate="0" complexity="0">
              <lines>
                <line number="794" hits="10" branch="false"/>
                <line number="795" hits="10" branch="false"/>
                <line number="797" hits="0" branch="false"/>
              </lines>
            </method>
            <method name="check_column_metadata_file" signature="" line-rate="0.333333333333333" branch-rate="0" complexity="0">
              <lines>
                <line number="808" hits="1" branch="false"/>
                <line number="809" hits="0" branch="false"/>
                <line number="810" hits="0" branch="false"/>
                <line number="811" hits="0" branch="false"/>
                <line number="812" hits="0" branch="false"/>
                <line number="814" hits="1" branch="false"/>
              </lines>
            </method>
            <method name="check_column_metadata" signature="" line-rate="0.142857142857143" branch-rate="0" complexity="0">
              <lines>
                <line number="825" hits="1" branch="false"/>
                <line number="826" hits="0" branch="false"/>
                <line number="827" hits="0" branch="false"/>
                <line number="828" hits="0" branch="false"/>
                <line number="829" hits="0" branch="false"/>
                <line number="832" hits="1" branch="false"/>
                <line number="833" hits="0" branch="false"/>
                <line number="834" hits="0" branch="false"/>
                <line number="835" hits="0" branch="false"/>
                <line number="836" hits="0" branch="false"/>
                <line number="837" hits="0" branch="false"/>
                <line number="838" hits="0" branch="false"/>
                <line number="839" hits="0" branch="false"/>
                <line number="840" hits="0" branch="false"/>
              </lines>
            </method>
            <method name="check_table_metadata" signature="" line-rate="0.851851851851852" branch-rate="0" complexity="0">
              <lines>
                <line number="853" hits="5" branch="false"/>
                <line number="854" hits="0" branch="false"/>
                <line number="855" hits="0" branch="false"/>
                <line number="856" hits="0" branch="false"/>
                <line number="857" hits="0" branch="false"/>
                <line number="860" hits="5" branch="false"/>
                <line number="861" hits="1" branch="false"/>
                <line number="862" hits="1" branch="false"/>
                <line number="863" hits="1" branch="false"/>
                <line number="864" hits="1" branch="false"/>
                <line number="865" hits="1" branch="false"/>
                <line number="866" hits="1" branch="false"/>
                <line number="867" hits="1" branch="false"/>
                <line number="868" hits="1" branch="false"/>
                <line number="870" hits="4" branch="false"/>
                <line number="871" hits="8" branch="false"/>
                <line number="872" hits="1" branch="false"/>
                <line number="873" hits="1" branch="false"/>
                <line number="874" hits="1" branch="false"/>
                <line number="875" hits="1" branch="false"/>
                <line number="876" hits="1" branch="false"/>
                <line number="880" hits="3" branch="false"/>
                <line number="881" hits="5" branch="false"/>
                <line number="882" hits="2" branch="false"/>
                <line number="883" hits="2" branch="false"/>
                <line number="884" hits="2" branch="false"/>
                <line number="885" hits="2" branch="false"/>
              </lines>
            </method>
            <method name="check_elements" signature="" line-rate="0.709677419354839" branch-rate="0" complexity="0">
              <lines>
                <line number="905" hits="2780" branch="false"/>
                <line number="906" hits="2780" branch="false"/>
                <line number="909" hits="2780" branch="false"/>
                <line number="910" hits="0" branch="false"/>
                <line number="914" hits="2780" branch="false"/>
                <line number="915" hits="104" branch="false"/>
                <line number="918" hits="2780" branch="false"/>
                <line number="919" hits="2780" branch="false"/>
                <line number="920" hits="448" branch="false"/>
                <line number="922" hits="2332" branch="false"/>
                <line number="926" hits="2780" branch="false"/>
                <line number="927" hits="2780" branch="false"/>
                <line number="928" hits="2780" branch="false"/>
                <line number="932" hits="2780" branch="false"/>
                <line number="933" hits="40" branch="false"/>
                <line number="934" hits="1" branch="false"/>
                <line number="935" hits="39" branch="false"/>
                <line number="936" hits="39" branch="false"/>
                <line number="938" hits="0" branch="false"/>
                <line number="939" hits="0" branch="false"/>
                <line number="940" hits="0" branch="false"/>
                <line number="941" hits="0" branch="false"/>
                <line number="942" hits="0" branch="false"/>
                <line number="945" hits="2740" branch="false"/>
                <line number="949" hits="2779" branch="false"/>
                <line number="950" hits="2779" branch="false"/>
                <line number="951" hits="2779" branch="false"/>
                <line number="952" hits="0" branch="false"/>
                <line number="953" hits="0" branch="false"/>
                <line number="954" hits="0" branch="false"/>
                <line number="957" hits="2779" branch="false"/>
              </lines>
            </method>
            <method name="check_args" signature="" line-rate="0.9375" branch-rate="0" complexity="0">
              <lines>
                <line number="969" hits="758" branch="false"/>
                <line number="970" hits="758" branch="false"/>
                <line number="971" hits="758" branch="false"/>
                <line number="972" hits="758" branch="false"/>
                <line number="973" hits="758" branch="false"/>
                <line number="974" hits="758" branch="false"/>
                <line number="977" hits="757" branch="false"/>
                <line number="978" hits="757" branch="false"/>
                <line number="979" hits="757" branch="false"/>
                <line number="980" hits="757" branch="false"/>
                <line number="981" hits="37" branch="false"/>
                <line number="985" hits="720" branch="false"/>
                <line number="986" hits="720" branch="false"/>
                <line number="987" hits="720" branch="false"/>
                <line number="988" hits="720" branch="false"/>
                <line number="989" hits="0" branch="false"/>
              </lines>
            </method>
            <method name="check_univar" signature="" line-rate="0.947368421052632" branch-rate="0" complexity="0">
              <lines>
                <line number="999" hits="58" branch="false"/>
                <line number="1000" hits="0" branch="false"/>
                <line number="1003" hits="58" branch="false"/>
                <line number="1005" hits="56" branch="false"/>
                <line number="1006" hits="56" branch="false"/>
                <line number="1007" hits="56" branch="false"/>
                <line number="1008" hits="56" branch="false"/>
                <line number="1009" hits="56" branch="false"/>
                <line number="1010" hits="56" branch="false"/>
                <line number="1011" hits="56" branch="false"/>
                <line number="1012" hits="56" branch="false"/>
                <line number="1013" hits="56" branch="false"/>
                <line number="1016" hits="56" branch="false"/>
                <line number="1017" hits="56" branch="false"/>
                <line number="1019" hits="54" branch="false"/>
                <line number="1020" hits="49" branch="false"/>
                <line number="1021" hits="46" branch="false"/>
                <line number="1022" hits="42" branch="false"/>
                <line number="1023" hits="41" branch="false"/>
              </lines>
            </method>
            <method name="check_freq" signature="" line-rate="0.961538461538462" branch-rate="0" complexity="0">
              <lines>
                <line number="1032" hits="63" branch="false"/>
                <line number="1033" hits="0" branch="false"/>
                <line number="1036" hits="63" branch="false"/>
                <line number="1038" hits="63" branch="false"/>
                <line number="1039" hits="63" branch="false"/>
                <line number="1040" hits="63" branch="false"/>
                <line number="1041" hits="63" branch="false"/>
                <line number="1042" hits="63" branch="false"/>
                <line number="1043" hits="63" branch="false"/>
                <line number="1044" hits="63" branch="false"/>
                <line number="1045" hits="63" branch="false"/>
                <line number="1046" hits="63" branch="false"/>
                <line number="1047" hits="63" branch="false"/>
                <line number="1048" hits="63" branch="false"/>
                <line number="1049" hits="63" branch="false"/>
                <line number="1051" hits="60" branch="false"/>
                <line number="1052" hits="54" branch="false"/>
                <line number="1053" hits="54" branch="false"/>
                <line number="1054" hits="54" branch="false"/>
                <line number="1055" hits="54" branch="false"/>
                <line number="1056" hits="54" branch="false"/>
                <line number="1058" hits="54" branch="false"/>
                <line number="1059" hits="47" branch="false"/>
                <line number="1060" hits="45" branch="false"/>
                <line number="1061" hits="44" branch="false"/>
                <line number="1062" hits="44" branch="false"/>
              </lines>
            </method>
            <method name="check_nested_freq" signature="" line-rate="0.956521739130435" branch-rate="0" complexity="0">
              <lines>
                <line number="1070" hits="41" branch="false"/>
                <line number="1071" hits="0" branch="false"/>
                <line number="1074" hits="41" branch="false"/>
                <line number="1077" hits="41" branch="false"/>
                <line number="1079" hits="41" branch="false"/>
                <line number="1080" hits="41" branch="false"/>
                <line number="1081" hits="41" branch="false"/>
                <line number="1082" hits="41" branch="false"/>
                <line number="1083" hits="41" branch="false"/>
                <line number="1084" hits="41" branch="false"/>
                <line number="1085" hits="41" branch="false"/>
                <line number="1086" hits="41" branch="false"/>
                <line number="1087" hits="41" branch="false"/>
                <line number="1088" hits="41" branch="false"/>
                <line number="1089" hits="41" branch="false"/>
                <line number="1090" hits="41" branch="false"/>
                <line number="1091" hits="38" branch="false"/>
                <line number="1092" hits="33" branch="false"/>
                <line number="1093" hits="30" branch="false"/>
                <line number="1094" hits="23" branch="false"/>
                <line number="1095" hits="21" branch="false"/>
                <line number="1096" hits="20" branch="false"/>
                <line number="1097" hits="19" branch="false"/>
              </lines>
            </method>
            <method name="check_generate_results" signature="" line-rate="0.8" branch-rate="0" complexity="0">
              <lines>
                <line number="1106" hits="5" branch="false"/>
                <line number="1108" hits="5" branch="false"/>
                <line number="1110" hits="1" branch="false"/>
                <line number="1111" hits="1" branch="false"/>
                <line number="1113" hits="0" branch="false"/>
              </lines>
            </method>
            <method name="check_gentlg" signature="" line-rate="1" branch-rate="0" complexity="0">
              <lines>
                <line number="1123" hits="32" branch="false"/>
                <line number="1127" hits="32" branch="false"/>
                <line number="1128" hits="32" branch="false"/>
                <line number="1129" hits="32" branch="false"/>
                <line number="1130" hits="32" branch="false"/>
                <line number="1131" hits="32" branch="false"/>
                <line number="1132" hits="32" branch="false"/>
                <line number="1133" hits="32" branch="false"/>
                <line number="1134" hits="32" branch="false"/>
                <line number="1135" hits="32" branch="false"/>
                <line number="1136" hits="32" branch="false"/>
                <line number="1137" hits="32" branch="false"/>
                <line number="1138" hits="32" branch="false"/>
                <line number="1139" hits="32" branch="false"/>
                <line number="1140" hits="32" branch="false"/>
                <line number="1141" hits="32" branch="false"/>
                <line number="1142" hits="32" branch="false"/>
                <line number="1143" hits="32" branch="false"/>
                <line number="1145" hits="32" branch="false"/>
                <line number="1146" hits="31" branch="false"/>
                <line number="1147" hits="30" branch="false"/>
                <line number="1148" hits="29" branch="false"/>
                <line number="1149" hits="28" branch="false"/>
                <line number="1150" hits="25" branch="false"/>
                <line number="1152" hits="27" branch="false"/>
              </lines>
            </method>
            <method name="check_add_format" signature="" line-rate="1" branch-rate="0" complexity="0">
              <lines>
                <line number="1161" hits="17" branch="false"/>
                <line number="1163" hits="17" branch="false"/>
                <line number="1164" hits="17" branch="false"/>
                <line number="1165" hits="17" branch="false"/>
                <line number="1166" hits="17" branch="false"/>
                <line number="1168" hits="17" branch="false"/>
                <line number="1169" hits="17" branch="false"/>
                <line number="1170" hits="15" branch="false"/>
                <line number="1171" hits="11" branch="false"/>
                <line number="1172" hits="11" branch="false"/>
              </lines>
            </method>
            <method name="check_tlgsetup" signature="" line-rate="1" branch-rate="0" complexity="0">
              <lines>
                <line number="1181" hits="6" branch="false"/>
[...]
            <line number="711" hits="38" branch="false"/>
            <line number="712" hits="38" branch="false"/>
            <line number="713" hits="38" branch="false"/>
            <line number="714" hits="38" branch="false"/>
            <line number="715" hits="38" branch="false"/>
            <line number="716" hits="38" branch="false"/>
            <line number="717" hits="38" branch="false"/>
            <line number="718" hits="38" branch="false"/>
            <line number="719" hits="38" branch="false"/>
            <line number="720" hits="38" branch="false"/>
            <line number="721" hits="38" branch="false"/>
            <line number="722" hits="38" branch="false"/>
            <line number="723" hits="38" branch="false"/>
            <line number="724" hits="38" branch="false"/>
            <line number="725" hits="38" branch="false"/>
            <line number="727" hits="38" branch="false"/>
            <line number="737" hits="228" branch="false"/>
            <line number="738" hits="228" branch="false"/>
            <line number="739" hits="228" branch="false"/>
            <line number="740" hits="228" branch="false"/>
            <line number="741" hits="228" branch="false"/>
            <line number="742" hits="228" branch="false"/>
            <line number="743" hits="228" branch="false"/>
            <line number="744" hits="228" branch="false"/>
            <line number="745" hits="228" branch="false"/>
            <line number="746" hits="228" branch="false"/>
            <line number="747" hits="228" branch="false"/>
            <line number="748" hits="228" branch="false"/>
            <line number="749" hits="228" branch="false"/>
            <line number="750" hits="228" branch="false"/>
            <line number="751" hits="228" branch="false"/>
            <line number="752" hits="228" branch="false"/>
            <line number="753" hits="228" branch="false"/>
            <line number="754" hits="228" branch="false"/>
            <line number="755" hits="228" branch="false"/>
            <line number="756" hits="228" branch="false"/>
            <line number="757" hits="228" branch="false"/>
            <line number="758" hits="228" branch="false"/>
            <line number="759" hits="228" branch="false"/>
            <line number="760" hits="228" branch="false"/>
            <line number="761" hits="228" branch="false"/>
            <line number="762" hits="228" branch="false"/>
            <line number="763" hits="228" branch="false"/>
            <line number="766" hits="228" branch="false"/>
            <line number="767" hits="228" branch="false"/>
            <line number="768" hits="228" branch="false"/>
            <line number="769" hits="228" branch="false"/>
            <line number="770" hits="228" branch="false"/>
            <line number="780" hits="37" branch="false"/>
            <line number="781" hits="4" branch="false"/>
            <line number="782" hits="4" branch="false"/>
            <line number="783" hits="4" branch="false"/>
            <line number="784" hits="4" branch="false"/>
            <line number="785" hits="4" branch="false"/>
            <line number="786" hits="4" branch="false"/>
            <line number="787" hits="4" branch="false"/>
            <line number="788" hits="4" branch="false"/>
            <line number="789" hits="4" branch="false"/>
            <line number="790" hits="4" branch="false"/>
            <line number="791" hits="4" branch="false"/>
            <line number="792" hits="4" branch="false"/>
            <line number="793" hits="4" branch="false"/>
            <line number="794" hits="4" branch="false"/>
            <line number="795" hits="4" branch="false"/>
            <line number="796" hits="4" branch="false"/>
            <line number="797" hits="4" branch="false"/>
            <line number="798" hits="4" branch="false"/>
            <line number="801" hits="37" branch="false"/>
            <line number="802" hits="19" branch="false"/>
            <line number="805" hits="18" branch="false"/>
            <line number="806" hits="15" branch="false"/>
            <line number="807" hits="15" branch="false"/>
            <line number="808" hits="15" branch="false"/>
            <line number="809" hits="15" branch="false"/>
            <line number="810" hits="15" branch="false"/>
            <line number="811" hits="15" branch="false"/>
            <line number="812" hits="15" branch="false"/>
            <line number="813" hits="15" branch="false"/>
            <line number="814" hits="15" branch="false"/>
            <line number="815" hits="15" branch="false"/>
            <line number="816" hits="15" branch="false"/>
            <line number="817" hits="15" branch="false"/>
            <line number="818" hits="15" branch="false"/>
            <line number="819" hits="15" branch="false"/>
            <line number="820" hits="15" branch="false"/>
            <line number="821" hits="15" branch="false"/>
            <line number="822" hits="15" branch="false"/>
            <line number="823" hits="15" branch="false"/>
            <line number="825" hits="3" branch="false"/>
            <line number="826" hits="3" branch="false"/>
            <line number="827" hits="3" branch="false"/>
            <line number="828" hits="3" branch="false"/>
            <line number="829" hits="3" branch="false"/>
            <line number="830" hits="3" branch="false"/>
            <line number="831" hits="3" branch="false"/>
            <line number="832" hits="3" branch="false"/>
            <line number="833" hits="3" branch="false"/>
            <line number="834" hits="3" branch="false"/>
            <line number="835" hits="3" branch="false"/>
            <line number="836" hits="3" branch="false"/>
            <line number="837" hits="3" branch="false"/>
            <line number="838" hits="3" branch="false"/>
            <line number="839" hits="3" branch="false"/>
            <line number="840" hits="3" branch="false"/>
            <line number="841" hits="3" branch="false"/>
            <line number="842" hits="3" branch="false"/>
            <line number="843" hits="3" branch="false"/>
            <line number="844" hits="3" branch="false"/>
            <line number="845" hits="3" branch="false"/>
            <line number="846" hits="3" branch="false"/>
            <line number="847" hits="3" branch="false"/>
            <line number="848" hits="3" branch="false"/>
            <line number="849" hits="3" branch="false"/>
            <line number="850" hits="3" branch="false"/>
            <line number="851" hits="3" branch="false"/>
            <line number="852" hits="3" branch="false"/>
            <line number="853" hits="3" branch="false"/>
            <line number="854" hits="3" branch="false"/>
            <line number="855" hits="3" branch="false"/>
            <line number="856" hits="3" branch="false"/>
            <line number="857" hits="3" branch="false"/>
            <line number="858" hits="3" branch="false"/>
            <line number="869" hits="37" branch="false"/>
            <line number="870" hits="34" branch="false"/>
            <line number="873" hits="3" branch="false"/>
            <line number="874" hits="3" branch="false"/>
            <line number="876" hits="3" branch="false"/>
            <line number="877" hits="3" branch="false"/>
            <line number="878" hits="3" branch="false"/>
            <line number="879" hits="3" branch="false"/>
            <line number="880" hits="3" branch="false"/>
            <line number="881" hits="0" branch="false"/>
            <line number="882" hits="0" branch="false"/>
            <line number="885" hits="3" branch="false"/>
            <line number="886" hits="3" branch="false"/>
            <line number="887" hits="3" branch="false"/>
            <line number="888" hits="3" branch="false"/>
            <line number="889" hits="3" branch="false"/>
            <line number="890" hits="3" branch="false"/>
            <line number="891" hits="3" branch="false"/>
            <line number="892" hits="3" branch="false"/>
            <line number="893" hits="3" branch="false"/>
            <line number="895" hits="3" branch="false"/>
          </lines>
        </class>
        <class name="utility.R" filename="R/utility.R" line-rate="0.255813953488372" branch-rate="0" complexity="0">
          <methods>
            <method name="replace_na_with_blank" signature="" line-rate="1" branch-rate="0" complexity="0">
              <lines>
                <line number="16" hits="1705" branch="false"/>
                <line number="17" hits="399" branch="false"/>
                <line number="18" hits="4" branch="false"/>
                <line number="21" hits="399" branch="false"/>
                <line number="23" hits="1306" branch="false"/>
              </lines>
            </method>
            <method name="roxygen2_data" signature="" line-rate="0" branch-rate="0" complexity="0">
              <lines>
                <line number="40" hits="0" branch="false"/>
                <line number="42" hits="0" branch="false"/>
                <line number="44" hits="0" branch="false"/>
                <line number="45" hits="0" branch="false"/>
                <line number="46" hits="0" branch="false"/>
                <line number="48" hits="0" branch="false"/>
                <line number="49" hits="0" branch="false"/>
                <line number="50" hits="0" branch="false"/>
                <line number="51" hits="0" branch="false"/>
                <line number="52" hits="0" branch="false"/>
                <line number="53" hits="0" branch="false"/>
                <line number="54" hits="0" branch="false"/>
                <line number="55" hits="0" branch="false"/>
                <line number="56" hits="0" branch="false"/>
                <line number="57" hits="0" branch="false"/>
                <line number="58" hits="0" branch="false"/>
                <line number="59" hits="0" branch="false"/>
                <line number="60" hits="0" branch="false"/>
                <line number="61" hits="0" branch="false"/>
                <line number="62" hits="0" branch="false"/>
                <line number="63" hits="0" branch="false"/>
                <line number="64" hits="0" branch="false"/>
                <line number="65" hits="0" branch="false"/>
                <line number="66" hits="0" branch="false"/>
                <line number="67" hits="0" branch="false"/>
                <line number="68" hits="0" branch="false"/>
                <line number="69" hits="0" branch="false"/>
                <line number="70" hits="0" branch="false"/>
                <line number="71" hits="0" branch="false"/>
                <line number="72" hits="0" branch="false"/>
                <line number="73" hits="0" branch="false"/>
                <line number="74" hits="0" branch="false"/>
                <line number="75" hits="0" branch="false"/>
                <line number="76" hits="0" branch="false"/>
                <line number="77" hits="0" branch="false"/>
                <line number="78" hits="0" branch="false"/>
                <line number="79" hits="0" branch="false"/>
                <line number="80" hits="0" branch="false"/>
                <line number="81" hits="0" branch="false"/>
                <line number="82" hits="0" branch="false"/>
                <line number="83" hits="0" branch="false"/>
                <line number="84" hits="0" branch="false"/>
                <line number="86" hits="0" branch="false"/>
                <line number="87" hits="0" branch="false"/>
                <line number="88" hits="0" branch="false"/>
                <line number="89" hits="0" branch="false"/>
                <line number="90" hits="0" branch="false"/>
                <line number="91" hits="0" branch="false"/>
                <line number="92" hits="0" branch="false"/>
                <line number="93" hits="0" branch="false"/>
                <line number="94" hits="0" branch="false"/>
                <line number="95" hits="0" branch="false"/>
                <line number="96" hits="0" branch="false"/>
                <line number="97" hits="0" branch="false"/>
                <line number="98" hits="0" branch="false"/>
                <line number="99" hits="0" branch="false"/>
                <line number="100" hits="0" branch="false"/>
                <line number="102" hits="0" branch="false"/>
              </lines>
            </method>
            <method name="char2factor" signature="" line-rate="1" branch-rate="0" complexity="0">
              <lines>
                <line number="133" hits="2" branch="false"/>
                <line number="134" hits="2" branch="false"/>
                <line number="135" hits="2" branch="false"/>
                <line number="136" hits="2" branch="false"/>
              </lines>
            </method>
            <method name="add_group_level" signature="" line-rate="1" branch-rate="0" complexity="0">
              <lines>
                <line number="144" hits="100" branch="false"/>
                <line number="145" hits="100" branch="false"/>
                <line number="147" hits="10" branch="false"/>
                <line number="148" hits="20" branch="false"/>
                <line number="149" hits="20" branch="false"/>
                <line number="150" hits="20" branch="false"/>
                <line number="151" hits="20" branch="false"/>
                <line number="154" hits="100" branch="false"/>
              </lines>
            </method>
            <method name="find_file" signature="" line-rate="0" branch-rate="0" complexity="0">
              <lines>
                <line number="164" hits="0" branch="false"/>
                <line number="165" hits="0" branch="false"/>
              </lines>
            </method>
            <method name="tidytlg_titles" signature="" line-rate="0" branch-rate="0" complexity="0">
              <lines>
                <line number="179" hits="0" branch="false"/>
                <line number="180" hits="0" branch="false"/>
                <line number="181" hits="0" branch="false"/>
                <line number="182" hits="0" branch="false"/>
              </lines>
            </method>
            <method name="tidytlg_metadata" signature="" line-rate="1" branch-rate="0" complexity="0">
              <lines>
                <line number="188" hits="1" branch="false"/>
                <line number="189" hits="1" branch="false"/>
                <line number="190" hits="1" branch="false"/>
                <line number="191" hits="1" branch="false"/>
              </lines>
            </method>
            <method name="first_class" signature="" line-rate="1" branch-rate="0" complexity="0">
              <lines>
                <line number="195" hits="2" branch="false"/>
              </lines>
            </method>
          </methods>
          <lines>
            <line number="16" hits="1705" branch="false"/>
            <line number="17" hits="399" branch="false"/>
            <line number="18" hits="4" branch="false"/>
            <line number="21" hits="399" branch="false"/>
            <line number="23" hits="1306" branch="false"/>
            <line number="40" hits="0" branch="false"/>
            <line number="42" hits="0" branch="false"/>
            <line number="44" hits="0" branch="false"/>
            <line number="45" hits="0" branch="false"/>
            <line number="46" hits="0" branch="false"/>
            <line number="48" hits="0" branch="false"/>
            <line number="49" hits="0" branch="false"/>
            <line number="50" hits="0" branch="false"/>
            <line number="51" hits="0" branch="false"/>
            <line number="52" hits="0" branch="false"/>
            <line number="53" hits="0" branch="false"/>
            <line number="54" hits="0" branch="false"/>
            <line number="55" hits="0" branch="false"/>
            <line number="56" hits="0" branch="false"/>
            <line number="57" hits="0" branch="false"/>
            <line number="58" hits="0" branch="false"/>
            <line number="59" hits="0" branch="false"/>
            <line number="60" hits="0" branch="false"/>
            <line number="61" hits="0" branch="false"/>
            <line number="62" hits="0" branch="false"/>
            <line number="63" hits="0" branch="false"/>
            <line number="64" hits="0" branch="false"/>
            <line number="65" hits="0" branch="false"/>
            <line number="66" hits="0" branch="false"/>
            <line number="67" hits="0" branch="false"/>
            <line number="68" hits="0" branch="false"/>
            <line number="69" hits="0" branch="false"/>
            <line number="70" hits="0" branch="false"/>
            <line number="71" hits="0" branch="false"/>
            <line number="72" hits="0" branch="false"/>
            <line number="73" hits="0" branch="false"/>
            <line number="74" hits="0" branch="false"/>
            <line number="75" hits="0" branch="false"/>
            <line number="76" hits="0" branch="false"/>
            <line number="77" hits="0" branch="false"/>
            <line number="78" hits="0" branch="false"/>
            <line number="79" hits="0" branch="false"/>
            <line number="80" hits="0" branch="false"/>
            <line number="81" hits="0" branch="false"/>
            <line number="82" hits="0" branch="false"/>
            <line number="83" hits="0" branch="false"/>
            <line number="84" hits="0" branch="false"/>
            <line number="86" hits="0" branch="false"/>
            <line number="87" hits="0" branch="false"/>
            <line number="88" hits="0" branch="false"/>
            <line number="89" hits="0" branch="false"/>
            <line number="90" hits="0" branch="false"/>
            <line number="91" hits="0" branch="false"/>
            <line number="92" hits="0" branch="false"/>
            <line number="93" hits="0" branch="false"/>
            <line number="94" hits="0" branch="false"/>
            <line number="95" hits="0" branch="false"/>
            <line number="96" hits="0" branch="false"/>
            <line number="97" hits="0" branch="false"/>
            <line number="98" hits="0" branch="false"/>
            <line number="99" hits="0" branch="false"/>
            <line number="100" hits="0" branch="false"/>
            <line number="102" hits="0" branch="false"/>
            <line number="133" hits="2" branch="false"/>
            <line number="134" hits="2" branch="false"/>
            <line number="135" hits="2" branch="false"/>
            <line number="136" hits="2" branch="false"/>
            <line number="144" hits="100" branch="false"/>
            <line number="145" hits="100" branch="false"/>
            <line number="147" hits="10" branch="false"/>
            <line number="148" hits="20" branch="false"/>
            <line number="149" hits="20" branch="false"/>
            <line number="150" hits="20" branch="false"/>
            <line number="151" hits="20" branch="false"/>
            <line number="154" hits="100" branch="false"/>
            <line number="164" hits="0" branch="false"/>
            <line number="165" hits="0" branch="false"/>
            <line number="179" hits="0" branch="false"/>
            <line number="180" hits="0" branch="false"/>
            <line number="181" hits="0" branch="false"/>
            <line number="182" hits="0" branch="false"/>
            <line number="188" hits="1" branch="false"/>
            <line number="189" hits="1" branch="false"/>
            <line number="190" hits="1" branch="false"/>
            <line number="191" hits="1" branch="false"/>
            <line number="195" hits="2" branch="false"/>
          </lines>
        </class>
      </classes>
    </package>
  </packages>
</coverage>
