<?xml version="1.0" encoding="UTF-8"?>
<testsuites>
  <testsuite name="bind_table" timestamp="2026-04-20T13:43:41Z" hostname="2f4f141bd2c3" tests="5" skipped="0" failures="0" errors="0" time="1.332">
    <testcase time="0.839" classname="bind_table" name="anbr_is_assigned_correctly"/>
    <testcase time="0.022" classname="bind_table" name="anbr_is_assigned_correctly"/>
    <testcase time="0.0110000000000001" classname="bind_table" name="format_variables_are_added"/>
    <testcase time="0.00299999999999989" classname="bind_table" name="format_variables_are_added"/>
    <testcase time="0.457" classname="bind_table" name="bind_table_can_handle_non_tidytlg_tables"/>
  </testsuite>
  <testsuite name="borders" timestamp="2026-04-20T13:43:41Z" hostname="2f4f141bd2c3" tests="5" skipped="0" failures="0" errors="0" time="0.737">
    <testcase time="0.209" classname="borders" name="default_uses_old_format"/>
    <testcase time="0.136" classname="borders" name="No_borders_generates_rtf_with_no_borders"/>
    <testcase time="0.139" classname="borders" name="Spanning_borders_in_the_first_row"/>
    <testcase time="0.128" classname="borders" name="Inserts_separated_borders_in_the_second_row"/>
    <testcase time="0.125" classname="borders" name="Inserts_separated_borders_under_the_first_row_for_a_listing"/>
  </testsuite>
  <testsuite name="check_args" timestamp="2026-04-20T13:43:42Z" hostname="2f4f141bd2c3" tests="91" skipped="0" failures="0" errors="0" time="2.918">
    <testcase time="0.109" classname="check_args" name="checks_for_univar_function_correctly"/>
    <testcase time="0.093" classname="check_args" name="checks_for_univar_function_correctly"/>
    <testcase time="0.0110000000000001" classname="check_args" name="checks_for_univar_function_correctly"/>
    <testcase time="0.0939999999999999" classname="check_args" name="checks_for_univar_function_correctly"/>
    <testcase time="0.0960000000000001" classname="check_args" name="checks_for_univar_function_correctly"/>
    <testcase time="0.0180000000000002" classname="check_args" name="checks_for_univar_function_correctly"/>
    <testcase time="0.0899999999999999" classname="check_args" name="checks_for_univar_function_correctly"/>
    <testcase time="0.0129999999999999" classname="check_args" name="checks_for_univar_function_correctly"/>
    <testcase time="0.0169999999999999" classname="check_args" name="checks_for_univar_function_correctly"/>
    <testcase time="0.0790000000000002" classname="check_args" name="checks_for_freq_function_correctly"/>
    <testcase time="0.0790000000000002" classname="check_args" name="checks_for_freq_function_correctly"/>
    <testcase time="0.00999999999999979" classname="check_args" name="checks_for_freq_function_correctly"/>
    <testcase time="0.168" classname="check_args" name="checks_for_nested_freq_function_correctly"/>
    <testcase time="0.165" classname="check_args" name="checks_for_nested_freq_function_correctly"/>
    <testcase time="0.0129999999999999" classname="check_args" name="checks_for_nested_freq_function_correctly"/>
    <testcase time="0.166" classname="check_args" name="checks_for_nested_freq_function_correctly"/>
    <testcase time="0.271" classname="check_args" name="checks_for_nested_freq_function_correctly"/>
    <testcase time="0.0129999999999999" classname="check_args" name="checks_for_nested_freq_function_correctly"/>
    <testcase time="0.0129999999999999" classname="check_args" name="checks_for_nested_freq_function_correctly"/>
    <testcase time="0.104" classname="check_args" name="check_updates_to_check_gentlg"/>
    <testcase time="0.0180000000000007" classname="check_args" name="check_updates_to_check_gentlg"/>
    <testcase time="0.0129999999999999" classname="check_args" name="check_updates_to_check_gentlg"/>
    <testcase time="0.00899999999999945" classname="check_args" name="check_updates_to_check_gentlg"/>
    <testcase time="0.0110000000000001" classname="check_args" name="check_updates_to_check_gentlg"/>
    <testcase time="0.0129999999999999" classname="check_args" name="check_updates_to_check_gentlg"/>
    <testcase time="0.0129999999999999" classname="check_args" name="test_freq_update"/>
    <testcase time="0.0170000000000003" classname="check_args" name="test_freq_update"/>
    <testcase time="0.0129999999999999" classname="check_args" name="test_freq_update"/>
    <testcase time="0.0110000000000001" classname="check_args" name="test_freq_update"/>
    <testcase time="0.0129999999999999" classname="check_args" name="test_freq_update"/>
    <testcase time="0.0129999999999999" classname="check_args" name="test_freq_update"/>
    <testcase time="0.0129999999999999" classname="check_args" name="test_freq_update"/>
    <testcase time="0.0129999999999999" classname="check_args" name="test_freq_update"/>
    <testcase time="0.0190000000000001" classname="check_args" name="test_freq_update"/>
    <testcase time="0.0179999999999998" classname="check_args" name="test_freq_update"/>
    <testcase time="0.0220000000000002" classname="check_args" name="test_freq_update"/>
    <testcase time="0.0230000000000006" classname="check_args" name="test_freq_update"/>
    <testcase time="0.0229999999999997" classname="check_args" name="test_freq_update"/>
    <testcase time="0.0220000000000002" classname="check_args" name="test_freq_update"/>
    <testcase time="0.0229999999999997" classname="check_args" name="test_freq_update"/>
    <testcase time="0.0250000000000004" classname="check_args" name="test_freq_update"/>
    <testcase time="0.0229999999999997" classname="check_args" name="test_freq_update"/>
    <testcase time="0.0229999999999997" classname="check_args" name="test_freq_update"/>
    <testcase time="0.0140000000000002" classname="check_args" name="Test_univar_new_checks"/>
    <testcase time="0.00800000000000001" classname="check_args" name="Test_univar_new_checks"/>
    <testcase time="0.0140000000000002" classname="check_args" name="Test_univar_new_checks"/>
    <testcase time="0.0129999999999999" classname="check_args" name="Test_univar_new_checks"/>
    <testcase time="0.0140000000000002" classname="check_args" name="Test_univar_new_checks"/>
    <testcase time="0.0169999999999995" classname="check_args" name="Test_univar_new_checks"/>
    <testcase time="0.0179999999999998" classname="check_args" name="Test_univar_new_checks"/>
    <testcase time="0.0170000000000003" classname="check_args" name="Test_univar_new_checks"/>
    <testcase time="0.0170000000000003" classname="check_args" name="Test_univar_new_checks"/>
    <testcase time="0.0209999999999999" classname="check_args" name="Test_univar_new_checks"/>
    <testcase time="0.0209999999999999" classname="check_args" name="Test_univar_new_checks"/>
    <testcase time="0.024" classname="check_args" name="Test_univar_new_checks"/>
    <testcase time="0.0169999999999995" classname="check_args" name="Test_univar_new_checks"/>
    <testcase time="0.0180000000000007" classname="check_args" name="Test_univar_new_checks"/>
    <testcase time="0.0169999999999995" classname="check_args" name="Test_univar_new_checks"/>
    <testcase time="0.0140000000000002" classname="check_args" name="Test_univar_new_checks"/>
    <testcase time="0.0129999999999999" classname="check_args" name="new_check_errors_nested_freq"/>
    <testcase time="0.0129999999999999" classname="check_args" name="new_check_errors_nested_freq"/>
    <testcase time="0.0150000000000006" classname="check_args" name="new_check_errors_nested_freq"/>
    <testcase time="0.0139999999999993" classname="check_args" name="new_check_errors_nested_freq"/>
    <testcase time="0.0120000000000005" classname="check_args" name="new_check_errors_nested_freq"/>
    <testcase time="0.0129999999999999" classname="check_args" name="new_check_errors_nested_freq"/>
    <testcase time="0.0149999999999997" classname="check_args" name="new_check_errors_nested_freq"/>
    <testcase time="0.016" classname="check_args" name="new_check_errors_nested_freq"/>
    <testcase time="0.0190000000000001" classname="check_args" name="new_check_errors_nested_freq"/>
    <testcase time="0.0179999999999998" classname="check_args" name="new_check_errors_nested_freq"/>
    <testcase time="0.0190000000000001" classname="check_args" name="new_check_errors_nested_freq"/>
    <testcase time="0.0220000000000002" classname="check_args" name="new_check_errors_nested_freq"/>
    <testcase time="0.0220000000000002" classname="check_args" name="new_check_errors_nested_freq"/>
    <testcase time="0.0229999999999997" classname="check_args" name="new_check_errors_nested_freq"/>
    <testcase time="0.0220000000000002" classname="check_args" name="new_check_errors_nested_freq"/>
    <testcase time="0.0220000000000002" classname="check_args" name="new_check_errors_nested_freq"/>
    <testcase time="0.0259999999999998" classname="check_args" name="new_check_errors_nested_freq"/>
    <testcase time="0.0229999999999997" classname="check_args" name="new_check_errors_nested_freq"/>
    <testcase time="0.0229999999999997" classname="check_args" name="new_check_errors_nested_freq"/>
    <testcase time="0.00800000000000001" classname="check_args" name="Errors_for_check_generate_results"/>
    <testcase time="0.00700000000000056" classname="check_args" name="Errors_for_check_generate_results"/>
    <testcase time="0.00699999999999967" classname="check_args" name="Errors_for_check_generate_results"/>
    <testcase time="0.00800000000000001" classname="check_args" name="Errors_for_check_generate_results"/>
    <testcase time="0.00700000000000056" classname="check_args" name="Errors_for_check_generate_results"/>
    <testcase time="0.0969999999999995" classname="check_args" name="Test_add_format"/>
    <testcase time="0.00999999999999979" classname="check_args" name="Test_add_format"/>
    <testcase time="0.0110000000000001" classname="check_args" name="Test_add_format"/>
    <testcase time="0.0120000000000005" classname="check_args" name="Test_add_format"/>
    <testcase time="0.00899999999999945" classname="check_args" name="Test_add_format"/>
    <testcase time="0.0120000000000005" classname="check_args" name="Test_add_format"/>
    <testcase time="0.016" classname="check_args" name="Test_add_format"/>
    <testcase time="0.0869999999999997" classname="check_args" name="Sparse_dfs_pass_check_wcol_works_as_expected_with_sparse_dfs"/>
  </testsuite>
  <testsuite name="colheader" timestamp="2026-04-20T13:43:45Z" hostname="2f4f141bd2c3" tests="2" skipped="0" failures="0" errors="0" time="0.283">
    <testcase time="0.281" classname="colheader" name="colheader_works_as_expected_for_listings"/>
    <testcase time="0.00200000000000067" classname="colheader" name="colheader_works_as_expected_for_listings"/>
  </testsuite>
  <testsuite name="colspan" timestamp="2026-04-20T13:43:45Z" hostname="2f4f141bd2c3" tests="3" skipped="0" failures="0" errors="0" time="0.787">
    <testcase time="0.784" classname="colspan" name="colspan_works_as_expected"/>
    <testcase time="0.00199999999999978" classname="colspan" name="colspan_works_as_expected"/>
    <testcase time="0.00100000000000033" classname="colspan" name="colspan_works_as_expected"/>
  </testsuite>
  <testsuite name="freq" timestamp="2026-04-20T13:43:46Z" hostname="2f4f141bd2c3" tests="7" skipped="0" failures="0" errors="0" time="1.028">
    <testcase time="0.29" classname="freq" name="tablebyvar_tables_can_be_binded_together"/>
    <testcase time="0.0609999999999999" classname="freq" name="tablebyvar_tables_can_be_binded_together"/>
    <testcase time="0.131" classname="freq" name="rowbyvar_creates_tables_as_expected"/>
    <testcase time="0.196999999999999" classname="freq" name="rowbyvar_creates_tables_as_expected"/>
    <testcase time="0.129" classname="freq" name="missing_values_are_displayed_as_expected"/>
    <testcase time="0.111" classname="freq" name="default_denoms_by_is_set_properly"/>
    <testcase time="0.109" classname="freq" name="default_denoms_by_is_set_properly"/>
  </testsuite>
  <testsuite name="freq_cutoff" timestamp="2026-04-20T13:43:47Z" hostname="2f4f141bd2c3" tests="4" skipped="0" failures="0" errors="0" time="0.275">
    <testcase time="0.0960000000000001" classname="freq_cutoff" name="cutoff_and_cutoff_stat_work_as_expected"/>
    <testcase time="0.00300000000000011" classname="freq_cutoff" name="cutoff_and_cutoff_stat_work_as_expected"/>
    <testcase time="0.0899999999999999" classname="freq_cutoff" name="cutoff_and_cutoff_stat_work_as_expected"/>
    <testcase time="0.0860000000000003" classname="freq_cutoff" name="cutoff_and_cutoff_stat_work_as_expected"/>
  </testsuite>
  <testsuite name="freq_descending_by" timestamp="2026-04-20T13:43:47Z" hostname="2f4f141bd2c3" tests="2" skipped="0" failures="0" errors="0" time="0.181">
    <testcase time="0.093" classname="freq_descending_by" name="descending_by_will_sort_by_the_column_named_passed_but_will_"/>
    <testcase time="0.0879999999999992" classname="freq_descending_by" name="descending_by_will_sort_by_the_column_named_passed_but_will_"/>
  </testsuite>
  <testsuite name="freq_ord" timestamp="2026-04-20T13:43:47Z" hostname="2f4f141bd2c3" tests="5" skipped="0" failures="0" errors="0" time="0.552">
    <testcase time="0.088000000000001" classname="freq_ord" name="freq_tables_can_be_ordered_as_expected"/>
    <testcase time="0.093" classname="freq_ord" name="freq_tables_can_be_ordered_as_expected"/>
    <testcase time="0.109" classname="freq_ord" name="freq_tables_can_be_ordered_as_expected"/>
    <testcase time="0.121" classname="freq_ord" name="freq_tables_can_be_ordered_as_expected"/>
    <testcase time="0.141" classname="freq_ord" name="freq_tables_can_be_ordered_as_expected"/>
  </testsuite>
  <testsuite name="freq_pad" timestamp="2026-04-20T13:43:48Z" hostname="2f4f141bd2c3" tests="3" skipped="0" failures="0" errors="0" time="0.291">
    <testcase time="0.282" classname="freq_pad" name="pad_argument_works_as_expected"/>
    <testcase time="0.00399999999999956" classname="freq_pad" name="pad_argument_works_as_expected"/>
    <testcase time="0.00499999999999901" classname="freq_pad" name="pad_argument_works_as_expected"/>
  </testsuite>
  <testsuite name="freq_sparse" timestamp="2026-04-20T13:43:48Z" hostname="2f4f141bd2c3" tests="4" skipped="0" failures="0" errors="0" time="0.373">
    <testcase time="0.0950000000000006" classname="freq_sparse" name="sparse_data_is_handled_correctly"/>
    <testcase time="0.0800000000000001" classname="freq_sparse" name="sparse_data_is_handled_correctly"/>
    <testcase time="0.108000000000001" classname="freq_sparse" name="sparse_data_is_handled_correctly"/>
    <testcase time="0.0899999999999999" classname="freq_sparse" name="sparse_data_is_handled_correctly"/>
  </testsuite>
  <testsuite name="freq_subset" timestamp="2026-04-20T13:43:49Z" hostname="2f4f141bd2c3" tests="1" skipped="0" failures="0" errors="0" time="0.184">
    <testcase time="0.183999999999999" classname="freq_subset" name="subset_will_filter_records_as_expected"/>
  </testsuite>
  <testsuite name="gentlg" timestamp="2026-04-20T13:43:49Z" hostname="2f4f141bd2c3" tests="26" skipped="0" failures="0" errors="0" time="1.113">
    <testcase time="0.0120000000000005" classname="gentlg" name="custom_alignments_work"/>
    <testcase time="0.00399999999999956" classname="gentlg" name="custom_alignments_work"/>
    <testcase time="0.0820000000000007" classname="gentlg" name="custom_alignments_work"/>
    <testcase time="0.00300000000000011" classname="gentlg" name="custom_alignments_work"/>
    <testcase time="0.155999999999999" classname="gentlg" name="custom_alignments_work"/>
    <testcase time="0.00300000000000011" classname="gentlg" name="custom_alignments_work"/>
    <testcase time="0.00300000000000011" classname="gentlg" name="custom_alignments_work"/>
    <testcase time="0.00200000000000067" classname="gentlg" name="custom_alignments_work"/>
    <testcase time="0.0809999999999995" classname="gentlg" name="replace_lead_whitespaces_ind_is_replacing_whitespaces"/>
    <testcase time="0.00999999999999979" classname="gentlg" name="replace_lead_whitespaces_ind_is_replacing_whitespaces"/>
    <testcase time="0.0790000000000006" classname="gentlg" name="replace_lead_whitespaces_ind_is_replacing_whitespaces"/>
    <testcase time="0.00999999999999979" classname="gentlg" name="replace_lead_whitespaces_ind_is_replacing_whitespaces"/>
    <testcase time="0.161" classname="gentlg" name="gentlg_sets_the_right_colwidths_when_passing_a_combination_of_vectors_and_numeric_values"/>
    <testcase time="0.00300000000000011" classname="gentlg" name="gentlg_sets_the_right_colwidths_when_passing_a_combination_of_vectors_and_numeric_values"/>
    <testcase time="0.00200000000000067" classname="gentlg" name="gentlg_sets_the_right_colwidths_when_passing_a_combination_of_vectors_and_numeric_values"/>
    <testcase time="0.161" classname="gentlg" name="gentlg_sets_the_right_colwidths_when_passing_all_colwidths_explicitly"/>
    <testcase time="0.00300000000000011" classname="gentlg" name="gentlg_sets_the_right_colwidths_when_passing_all_colwidths_explicitly"/>
    <testcase time="0.00300000000000011" classname="gentlg" name="gentlg_sets_the_right_colwidths_when_passing_all_colwidths_explicitly"/>
    <testcase time="0.00699999999999967" classname="gentlg" name="gentlg_validates_that_if_hux_is_a_single_data.frame_wcol_cannot_be_a_list"/>
    <testcase time="0.016" classname="gentlg" name="gentlg_validates_each_element_in_wcol_has_the_correct_length"/>
    <testcase time="0.0169999999999995" classname="gentlg" name="gentlg_validates_that_the_sum_of_colwidths_is_1"/>
    <testcase time="0.00700000000000145" classname="gentlg" name="gentlg_validates_hux_length_equals_wcol_length_if_wcol_is_a_list"/>
    <testcase time="0.263999999999999" classname="gentlg" name="gentlg_saves_footnotes_as_one_row_or_multiple_rows_depending_on_footers_one_row_"/>
    <testcase time="0.00300000000000011" classname="gentlg" name="gentlg_saves_footnotes_as_one_row_or_multiple_rows_depending_on_footers_one_row_"/>
    <testcase time="0.0180000000000007" classname="gentlg" name="gentlg_saves_footnotes_as_one_row_or_multiple_rows_depending_on_footers_one_row_"/>
    <testcase time="0.00299999999999834" classname="gentlg" name="gentlg_saves_footnotes_as_one_row_or_multiple_rows_depending_on_footers_one_row_"/>
  </testsuite>
  <testsuite name="get_file_name" timestamp="2026-04-20T13:43:50Z" hostname="2f4f141bd2c3" tests="3" skipped="0" failures="0" errors="0" time="0.017">
    <testcase time="0.0120000000000005" classname="get_file_name" name="getFileNameBatch_returns_the_expected_results"/>
    <testcase time="0.00300000000000011" classname="get_file_name" name="getFileNameBatch_returns_the_expected_results"/>
    <testcase time="0.00200000000000067" classname="get_file_name" name="getFileNameBatch_returns_the_expected_results"/>
  </testsuite>
  <testsuite name="insert_empty_rows" timestamp="2026-04-20T13:43:50Z" hostname="2f4f141bd2c3" tests="11" skipped="0" failures="0" errors="0" time="0.637">
    <testcase time="0.00999999999999979" classname="insert_empty_rows" name="Does_not_insert_rows_if_the_newrows_column_does_not_exist"/>
    <testcase time="0.00600000000000023" classname="insert_empty_rows" name="Does_not_insert_rows_if_the_newrows_column_is_all_0s"/>
    <testcase time="0.00699999999999967" classname="insert_empty_rows" name="Inserts_rows_when_there_are_1s_in_the_newrows_column"/>
    <testcase time="0.00600000000000023" classname="insert_empty_rows" name="Inserts_an_empty_row_when_the_1_is_in_the_last_row_of_newrows"/>
    <testcase time="0.00600000000000023" classname="insert_empty_rows" name="Inserts_empty_rows_when_there_are_2_1s_in_the_last_two_rows_of_newros"/>
    <testcase time="0.00600000000000023" classname="insert_empty_rows" name="Zeroes_the_newrows_column"/>
    <testcase time="0.00699999999999967" classname="insert_empty_rows" name="Preserves_the_formatting_columns"/>
    <testcase time="0.00300000000000011" classname="insert_empty_rows" name="Preserves_the_formatting_columns"/>
    <testcase time="0.00300000000000011" classname="insert_empty_rows" name="Preserves_the_formatting_columns"/>
    <testcase time="0.00200000000000067" classname="insert_empty_rows" name="Preserves_the_formatting_columns"/>
    <testcase time="0.581" classname="insert_empty_rows" name="Inserts_empty_rows_when_the_input_table_has_newrows"/>
  </testsuite>
  <testsuite name="metadata" timestamp="2026-04-20T13:43:51Z" hostname="2f4f141bd2c3" tests="1" skipped="0" failures="0" errors="0" time="0.465">
    <testcase time="0.465" classname="metadata" name="the_metadata_table_method_works_as_expected"/>
  </testsuite>
  <testsuite name="multiple-tables-in-rtf" timestamp="2026-04-20T13:43:51Z" hostname="2f4f141bd2c3" tests="2" skipped="0" failures="0" errors="0" time="0.486">
    <testcase time="0.483000000000001" classname="multiple_tables_in_rtf" name="multiple_tables_are_printed_to_one_rtf_file"/>
    <testcase time="0.00300000000000011" classname="multiple_tables_in_rtf" name="multiple_tables_are_printed_to_one_rtf_file"/>
  </testsuite>
  <testsuite name="nested" timestamp="2026-04-20T13:43:51Z" hostname="2f4f141bd2c3" tests="7" skipped="0" failures="0" errors="0" time="1.645">
    <testcase time="0.186" classname="nested" name="Row_sorting_works_as_expected_with_and_without_a_descending_by_argument"/>
    <testcase time="0.189" classname="nested" name="Row_sorting_works_as_expected_with_and_without_a_descending_by_argument"/>
    <testcase time="0.264999999999999" classname="nested" name="Three_level_nested_sorting_works_as_expected"/>
    <testcase time="0.159000000000001" classname="nested" name="nested_values_can_span_over_higher_levels"/>
    <testcase time="0.167999999999999" classname="nested" name="nested_values_can_span_over_higher_levels"/>
    <testcase time="0.496" classname="nested" name="nested_values_can_span_over_higher_levels"/>
    <testcase time="0.182" classname="nested" name="subValues_in_a_nested_count_layer_should_respect_rowbyvar"/>
  </testsuite>
  <testsuite name="nested_cutoff" timestamp="2026-04-20T13:43:53Z" hostname="2f4f141bd2c3" tests="2" skipped="0" failures="0" errors="0" time="0.653">
    <testcase time="0.193999999999999" classname="nested_cutoff" name="the_cutoff_argument_in_nested_drops_values_with_no_subordiate_items"/>
    <testcase time="0.459000000000001" classname="nested_cutoff" name="the_cutoff_argument_in_nested_drops_values_with_no_subordiate_items"/>
  </testsuite>
  <testsuite name="nested_freq" timestamp="2026-04-20T13:43:54Z" hostname="2f4f141bd2c3" tests="2" skipped="0" failures="0" errors="0" time="0.353">
    <testcase time="0.173" classname="nested_freq" name="nested_freq_can_handle_subset_argument"/>
    <testcase time="0.18" classname="nested_freq" name="nested_freq_can_handle_row_header"/>
  </testsuite>
  <testsuite name="nested_ord" timestamp="2026-04-20T13:43:54Z" hostname="2f4f141bd2c3" tests="2" skipped="0" failures="0" errors="0" time="0.404">
    <testcase time="0.171999999999999" classname="nested_ord" name="nested_tables_work_with_.ord_as_expected"/>
    <testcase time="0.232000000000001" classname="nested_ord" name="nested_tables_work_with_.ord_as_expected"/>
  </testsuite>
  <testsuite name="page_numbers" timestamp="2026-04-20T13:43:55Z" hostname="2f4f141bd2c3" tests="2" skipped="0" failures="0" errors="0" time="0.541">
    <testcase time="0.273" classname="page_numbers" name="Page_numbers_are_added_on_each_page"/>
    <testcase time="0.267999999999999" classname="page_numbers" name="The_page_number_mentions_the_table"/>
  </testsuite>
  <testsuite name="png" timestamp="2026-04-20T13:43:55Z" hostname="2f4f141bd2c3" tests="2" skipped="1" failures="0" errors="0" time="0.376">
    <testcase time="0.252000000000002" classname="png" name="gentlg_will_preserve_aspect_ratio_of_pngs">
      <skipped message="Reason: Sys.getenv(&quot;RENV_PATHS_CACHE&quot;) == &quot;&quot; is TRUE ('test-png.R:17:3')"/>
    </testcase>
    <testcase time="0.124000000000002" classname="png" name="gentlg_can_take_multiple_plotnames_arguments"/>
  </testsuite>
  <testsuite name="quick_rtf_jnj" timestamp="2026-04-20T13:43:55Z" hostname="2f4f141bd2c3" tests="2" skipped="0" failures="0" errors="0" time="0.016">
    <testcase time="0.0120000000000005" classname="quick_rtf_jnj" name="errors_work_as_expected"/>
    <testcase time="0.00399999999999778" classname="quick_rtf_jnj" name="errors_work_as_expected"/>
  </testsuite>
  <testsuite name="remove_zero_padding" timestamp="2026-04-20T13:43:55Z" hostname="2f4f141bd2c3" tests="2" skipped="0" failures="0" errors="0" time="0.015">
    <testcase time="0.0100000000000016" classname="remove_zero_padding" name="Removes_zero_padding_real_rtf_"/>
    <testcase time="0.00499999999999901" classname="remove_zero_padding" name="Removes_zero_padding"/>
  </testsuite>
  <testsuite name="roundSAS" timestamp="2026-04-20T13:43:55Z" hostname="2f4f141bd2c3" tests="6" skipped="0" failures="0" errors="0" time="0.039">
    <testcase time="0.00900000000000034" classname="roundSAS" name="T1.1_for_rounding_up_midpoint_values"/>
    <testcase time="0.00600000000000023" classname="roundSAS" name="T1.2_for_rounding_negative_values_to_0"/>
    <testcase time="0.00799999999999912" classname="roundSAS" name="T1.2_for_rounding_up_midpoint_values_and_convert_to_character"/>
    <testcase time="0.00600000000000023" classname="roundSAS" name="T2.1_when_converting_to_character_with_missing_values"/>
    <testcase time="0.00499999999999901" classname="roundSAS" name="T2.2_when_converting_to_character_and_na_char_is_specified"/>
    <testcase time="0.00500000000000256" classname="roundSAS" name="T3.1_when_converting_to_character_and_value_is_negative_but_rounds_to_0"/>
  </testsuite>
  <testsuite name="spanning_headers" timestamp="2026-04-20T13:43:56Z" hostname="2f4f141bd2c3" tests="5" skipped="0" failures="0" errors="0" time="0.047">
    <testcase time="0.0129999999999981" classname="spanning_headers" name="T1.1_NA."/>
    <testcase time="0.00799999999999912" classname="spanning_headers" name="T1.2_."/>
    <testcase time="0.00900000000000034" classname="spanning_headers" name="T2.1_one_spanning_header."/>
    <testcase time="0.00800000000000267" classname="spanning_headers" name="T2.2_two_spanning_headers."/>
    <testcase time="0.00900000000000034" classname="spanning_headers" name="T2.3_three_spanning_headers."/>
  </testsuite>
  <testsuite name="titles" timestamp="2026-04-20T13:43:56Z" hostname="2f4f141bd2c3" tests="1" skipped="0" failures="0" errors="0" time="0.289">
    <testcase time="0.288999999999998" classname="titles" name="titles_file_addes_titles_as_expected"/>
  </testsuite>
  <testsuite name="tlgsetup" timestamp="2026-04-20T13:43:56Z" hostname="2f4f141bd2c3" tests="2" skipped="0" failures="0" errors="0" time="0.208">
    <testcase time="0.115000000000002" classname="tlgsetup" name="tlgsetup_will_factorize_the_colnbr"/>
    <testcase time="0.093" classname="tlgsetup" name="tlgsetup_will_factorize_the_colnbr"/>
  </testsuite>
  <testsuite name="univar" timestamp="2026-04-20T13:43:57Z" hostname="2f4f141bd2c3" tests="16" skipped="0" failures="0" errors="0" time="1.833">
    <testcase time="1.213" classname="univar" name="univar_outputs_are_named_as_expected"/>
    <testcase time="0.00400000000000134" classname="univar" name="univar_outputs_are_named_as_expected"/>
    <testcase time="0.00199999999999889" classname="univar" name="univar_outputs_are_named_as_expected"/>
    <testcase time="0.00100000000000122" classname="univar" name="univar_outputs_are_named_as_expected"/>
    <testcase time="0.000999999999997669" classname="univar" name="univar_outputs_are_named_as_expected"/>
    <testcase time="0.00199999999999889" classname="univar" name="univar_outputs_are_named_as_expected"/>
    <testcase time="0.00100000000000122" classname="univar" name="univar_outputs_are_named_as_expected"/>
    <testcase time="0.00100000000000122" classname="univar" name="univar_outputs_are_named_as_expected"/>
    <testcase time="0.000999999999997669" classname="univar" name="univar_outputs_are_named_as_expected"/>
    <testcase time="0.00200000000000244" classname="univar" name="univar_outputs_are_named_as_expected"/>
    <testcase time="0.00799999999999912" classname="univar" name="univar_computes_statistics_as_expected"/>
    <testcase time="0.109000000000002" classname="univar" name="rowtext_works_as_expected_with_univar"/>
    <testcase time="0.129999999999999" classname="univar" name="rowtext_works_as_expected_with_univar"/>
    <testcase time="0.146000000000001" classname="univar" name="rowtext_works_as_expected_with_univar"/>
    <testcase time="0.113" classname="univar" name="univar_can_handle_sparse_data_as_expected"/>
    <testcase time="0.0990000000000002" classname="univar" name="MEANSE_statlist_works_as_expected"/>
  </testsuite>
  <testsuite name="univar_keep" timestamp="2026-04-20T13:43:58Z" hostname="2f4f141bd2c3" tests="1" skipped="0" failures="0" errors="0" time="0.151">
    <testcase time="0.151" classname="univar_keep" name=".keep_works_as_expected_for_univar_tables"/>
  </testsuite>
  <testsuite name="univar_ord" timestamp="2026-04-20T13:43:58Z" hostname="2f4f141bd2c3" tests="3" skipped="0" failures="0" errors="0" time="0.44">
    <testcase time="0.135999999999999" classname="univar_ord" name="univar_works_with_.ord_as_expected"/>
    <testcase time="0.143000000000001" classname="univar_ord" name="univar_works_with_.ord_as_expected"/>
    <testcase time="0.160999999999998" classname="univar_ord" name="univar_works_with_.ord_as_expected"/>
  </testsuite>
  <testsuite name="univar_precision" timestamp="2026-04-20T13:43:58Z" hostname="2f4f141bd2c3" tests="2" skipped="0" failures="0" errors="0" time="0.321">
    <testcase time="0.163" classname="univar_precision" name="univar_computes_by_parameter_precision"/>
    <testcase time="0.158000000000001" classname="univar_precision" name="univar_computes_by_parameter_precision"/>
  </testsuite>
  <testsuite name="univar_rowbyvar" timestamp="2026-04-20T13:43:59Z" hostname="2f4f141bd2c3" tests="4" skipped="0" failures="0" errors="0" time="0.601">
    <testcase time="0.143999999999998" classname="univar_rowbyvar" name="rowbyvar_works_as_expected_for_univar"/>
    <testcase time="0.131" classname="univar_rowbyvar" name="rowbyvar_works_as_expected_for_univar"/>
    <testcase time="0.164000000000001" classname="univar_rowbyvar" name="rowbyvar_works_as_expected_for_univar"/>
    <testcase time="0.161999999999999" classname="univar_rowbyvar" name="rowbyvar_works_as_expected_for_univar"/>
  </testsuite>
  <testsuite name="univar_rowtext" timestamp="2026-04-20T13:43:59Z" hostname="2f4f141bd2c3" tests="3" skipped="0" failures="0" errors="0" time="0.303">
    <testcase time="0.120000000000001" classname="univar_rowtext" name="rowtext_works_as_expected_for_univar_tables"/>
    <testcase time="0.088000000000001" classname="univar_rowtext" name="rowtext_works_as_expected_for_univar_tables"/>
    <testcase time="0.0949999999999989" classname="univar_rowtext" name="rowtext_works_as_expected_for_univar_tables"/>
  </testsuite>
  <testsuite name="utility" timestamp="2026-04-20T13:44:00Z" hostname="2f4f141bd2c3" tests="6" skipped="0" failures="0" errors="0" time="0.038">
    <testcase time="0.00900000000000034" classname="utility" name="T1.1_no_changes_if_no_NA."/>
    <testcase time="0.00600000000000023" classname="utility" name="T1.2_blanks_in_place_of_NA_for_character."/>
    <testcase time="0.00499999999999901" classname="utility" name="T1.3_blanks_in_place_of_NA_for_factor."/>
    <testcase time="0.00600000000000023" classname="utility" name="T1.4_NA_added_as_a_factor_level_for_factor."/>
    <testcase time="0.00600000000000023" classname="utility" name="T1.1_label_preserved."/>
    <testcase time="0.00600000000000023" classname="utility" name="T1.2_levels_based_off_the_numeric_variable."/>
  </testsuite>
</testsuites>
