<?xml version="1.0" encoding="UTF-8"?>
<testsuites>
  <testsuite name="bind_table" timestamp="2026-04-20T12:40:49Z" hostname="de8dd48a795d" tests="5" skipped="0" failures="0" errors="0" time="1.52">
    <testcase time="0.983" classname="bind_table" name="anbr_is_assigned_correctly"/>
    <testcase time="0.0249999999999999" classname="bind_table" name="anbr_is_assigned_correctly"/>
    <testcase time="0.0129999999999999" classname="bind_table" name="format_variables_are_added"/>
    <testcase time="0.00199999999999978" classname="bind_table" name="format_variables_are_added"/>
    <testcase time="0.497" classname="bind_table" name="bind_table_can_handle_non_tidytlg_tables"/>
  </testsuite>
  <testsuite name="borders" timestamp="2026-04-20T12:40:49Z" hostname="de8dd48a795d" tests="5" skipped="0" failures="0" errors="0" time="0.834">
    <testcase time="0.233" classname="borders" name="default_uses_old_format"/>
    <testcase time="0.154" classname="borders" name="No_borders_generates_rtf_with_no_borders"/>
    <testcase time="0.158" classname="borders" name="Spanning_borders_in_the_first_row"/>
    <testcase time="0.146" classname="borders" name="Inserts_separated_borders_in_the_second_row"/>
    <testcase time="0.143" classname="borders" name="Inserts_separated_borders_under_the_first_row_for_a_listing"/>
  </testsuite>
  <testsuite name="check_args" timestamp="2026-04-20T12:40:50Z" hostname="de8dd48a795d" tests="91" skipped="0" failures="0" errors="0" time="3.206">
    <testcase time="0.12" classname="check_args" name="checks_for_univar_function_correctly"/>
    <testcase time="0.102" classname="check_args" name="checks_for_univar_function_correctly"/>
    <testcase time="0.012" classname="check_args" name="checks_for_univar_function_correctly"/>
    <testcase time="0.105" classname="check_args" name="checks_for_univar_function_correctly"/>
    <testcase time="0.103" classname="check_args" name="checks_for_univar_function_correctly"/>
    <testcase time="0.02" classname="check_args" name="checks_for_univar_function_correctly"/>
    <testcase time="0.0990000000000002" classname="check_args" name="checks_for_univar_function_correctly"/>
    <testcase time="0.016" classname="check_args" name="checks_for_univar_function_correctly"/>
    <testcase time="0.0179999999999998" classname="check_args" name="checks_for_univar_function_correctly"/>
    <testcase time="0.0859999999999999" classname="check_args" name="checks_for_freq_function_correctly"/>
    <testcase time="0.0860000000000003" classname="check_args" name="checks_for_freq_function_correctly"/>
    <testcase time="0.0110000000000001" classname="check_args" name="checks_for_freq_function_correctly"/>
    <testcase time="0.18" classname="check_args" name="checks_for_nested_freq_function_correctly"/>
    <testcase time="0.177" classname="check_args" name="checks_for_nested_freq_function_correctly"/>
    <testcase time="0.016" classname="check_args" name="checks_for_nested_freq_function_correctly"/>
    <testcase time="0.177" classname="check_args" name="checks_for_nested_freq_function_correctly"/>
    <testcase time="0.289" classname="check_args" name="checks_for_nested_freq_function_correctly"/>
    <testcase time="0.0150000000000006" classname="check_args" name="checks_for_nested_freq_function_correctly"/>
    <testcase time="0.0139999999999993" classname="check_args" name="checks_for_nested_freq_function_correctly"/>
    <testcase time="0.12" classname="check_args" name="check_updates_to_check_gentlg"/>
    <testcase time="0.0200000000000005" classname="check_args" name="check_updates_to_check_gentlg"/>
    <testcase time="0.0149999999999997" classname="check_args" name="check_updates_to_check_gentlg"/>
    <testcase time="0.00999999999999979" classname="check_args" name="check_updates_to_check_gentlg"/>
    <testcase time="0.0129999999999999" classname="check_args" name="check_updates_to_check_gentlg"/>
    <testcase time="0.0140000000000002" classname="check_args" name="check_updates_to_check_gentlg"/>
    <testcase time="0.016" classname="check_args" name="test_freq_update"/>
    <testcase time="0.0200000000000005" classname="check_args" name="test_freq_update"/>
    <testcase time="0.0149999999999997" classname="check_args" name="test_freq_update"/>
    <testcase time="0.0119999999999996" classname="check_args" name="test_freq_update"/>
    <testcase time="0.0140000000000002" classname="check_args" name="test_freq_update"/>
    <testcase time="0.0150000000000006" classname="check_args" name="test_freq_update"/>
    <testcase time="0.0139999999999993" classname="check_args" name="test_freq_update"/>
    <testcase time="0.0150000000000006" classname="check_args" name="test_freq_update"/>
    <testcase time="0.0199999999999996" classname="check_args" name="test_freq_update"/>
    <testcase time="0.0209999999999999" classname="check_args" name="test_freq_update"/>
    <testcase time="0.0250000000000004" classname="check_args" name="test_freq_update"/>
    <testcase time="0.0249999999999995" classname="check_args" name="test_freq_update"/>
    <testcase time="0.0250000000000004" classname="check_args" name="test_freq_update"/>
    <testcase time="0.0250000000000004" classname="check_args" name="test_freq_update"/>
    <testcase time="0.024" classname="check_args" name="test_freq_update"/>
    <testcase time="0.0289999999999999" classname="check_args" name="test_freq_update"/>
    <testcase time="0.0249999999999995" classname="check_args" name="test_freq_update"/>
    <testcase time="0.0250000000000004" classname="check_args" name="test_freq_update"/>
    <testcase time="0.0170000000000003" classname="check_args" name="Test_univar_new_checks"/>
    <testcase time="0.00899999999999945" classname="check_args" name="Test_univar_new_checks"/>
    <testcase time="0.0150000000000006" classname="check_args" name="Test_univar_new_checks"/>
    <testcase time="0.0149999999999997" classname="check_args" name="Test_univar_new_checks"/>
    <testcase time="0.016" classname="check_args" name="Test_univar_new_checks"/>
    <testcase time="0.0199999999999996" classname="check_args" name="Test_univar_new_checks"/>
    <testcase time="0.0200000000000005" classname="check_args" name="Test_univar_new_checks"/>
    <testcase time="0.0190000000000001" classname="check_args" name="Test_univar_new_checks"/>
    <testcase time="0.0190000000000001" classname="check_args" name="Test_univar_new_checks"/>
    <testcase time="0.0219999999999994" classname="check_args" name="Test_univar_new_checks"/>
    <testcase time="0.0230000000000006" classname="check_args" name="Test_univar_new_checks"/>
    <testcase time="0.0279999999999996" classname="check_args" name="Test_univar_new_checks"/>
    <testcase time="0.0190000000000001" classname="check_args" name="Test_univar_new_checks"/>
    <testcase time="0.0190000000000001" classname="check_args" name="Test_univar_new_checks"/>
    <testcase time="0.0190000000000001" classname="check_args" name="Test_univar_new_checks"/>
    <testcase time="0.016" classname="check_args" name="Test_univar_new_checks"/>
    <testcase time="0.0139999999999993" classname="check_args" name="new_check_errors_nested_freq"/>
    <testcase time="0.0140000000000002" classname="check_args" name="new_check_errors_nested_freq"/>
    <testcase time="0.0170000000000003" classname="check_args" name="new_check_errors_nested_freq"/>
    <testcase time="0.016" classname="check_args" name="new_check_errors_nested_freq"/>
    <testcase time="0.0139999999999993" classname="check_args" name="new_check_errors_nested_freq"/>
    <testcase time="0.0140000000000002" classname="check_args" name="new_check_errors_nested_freq"/>
    <testcase time="0.0170000000000003" classname="check_args" name="new_check_errors_nested_freq"/>
    <testcase time="0.0179999999999998" classname="check_args" name="new_check_errors_nested_freq"/>
    <testcase time="0.0209999999999999" classname="check_args" name="new_check_errors_nested_freq"/>
    <testcase time="0.0200000000000005" classname="check_args" name="new_check_errors_nested_freq"/>
    <testcase time="0.0209999999999999" classname="check_args" name="new_check_errors_nested_freq"/>
    <testcase time="0.0259999999999998" classname="check_args" name="new_check_errors_nested_freq"/>
    <testcase time="0.0250000000000004" classname="check_args" name="new_check_errors_nested_freq"/>
    <testcase time="0.0249999999999995" classname="check_args" name="new_check_errors_nested_freq"/>
    <testcase time="0.024" classname="check_args" name="new_check_errors_nested_freq"/>
    <testcase time="0.024" classname="check_args" name="new_check_errors_nested_freq"/>
    <testcase time="0.0300000000000002" classname="check_args" name="new_check_errors_nested_freq"/>
    <testcase time="0.0259999999999998" classname="check_args" name="new_check_errors_nested_freq"/>
    <testcase time="0.0259999999999998" classname="check_args" name="new_check_errors_nested_freq"/>
    <testcase time="0.00900000000000034" classname="check_args" name="Errors_for_check_generate_results"/>
    <testcase time="0.00800000000000001" classname="check_args" name="Errors_for_check_generate_results"/>
    <testcase time="0.00800000000000001" classname="check_args" name="Errors_for_check_generate_results"/>
    <testcase time="0.00899999999999945" classname="check_args" name="Errors_for_check_generate_results"/>
    <testcase time="0.00800000000000001" classname="check_args" name="Errors_for_check_generate_results"/>
    <testcase time="0.104" classname="check_args" name="Test_add_format"/>
    <testcase time="0.0110000000000001" classname="check_args" name="Test_add_format"/>
    <testcase time="0.0120000000000005" classname="check_args" name="Test_add_format"/>
    <testcase time="0.0120000000000005" classname="check_args" name="Test_add_format"/>
    <testcase time="0.00999999999999979" classname="check_args" name="Test_add_format"/>
    <testcase time="0.0129999999999999" classname="check_args" name="Test_add_format"/>
    <testcase time="0.0179999999999998" classname="check_args" name="Test_add_format"/>
    <testcase time="0.093" classname="check_args" name="Sparse_dfs_pass_check_wcol_works_as_expected_with_sparse_dfs"/>
  </testsuite>
  <testsuite name="colheader" timestamp="2026-04-20T12:40:53Z" hostname="de8dd48a795d" tests="2" skipped="0" failures="0" errors="0" time="0.328">
    <testcase time="0.327000000000001" classname="colheader" name="colheader_works_as_expected_for_listings"/>
    <testcase time="0.000999999999999446" classname="colheader" name="colheader_works_as_expected_for_listings"/>
  </testsuite>
  <testsuite name="colspan" timestamp="2026-04-20T12:40:54Z" hostname="de8dd48a795d" tests="3" skipped="0" failures="0" errors="0" time="0.873">
    <testcase time="0.87" classname="colspan" name="colspan_works_as_expected"/>
    <testcase time="0.00199999999999978" classname="colspan" name="colspan_works_as_expected"/>
    <testcase time="0.00100000000000033" classname="colspan" name="colspan_works_as_expected"/>
  </testsuite>
  <testsuite name="freq" timestamp="2026-04-20T12:40:55Z" hostname="de8dd48a795d" tests="7" skipped="0" failures="0" errors="0" time="1.113">
    <testcase time="0.316" classname="freq" name="tablebyvar_tables_can_be_binded_together"/>
    <testcase time="0.0670000000000002" classname="freq" name="tablebyvar_tables_can_be_binded_together"/>
    <testcase time="0.139000000000001" classname="freq" name="rowbyvar_creates_tables_as_expected"/>
    <testcase time="0.215" classname="freq" name="rowbyvar_creates_tables_as_expected"/>
    <testcase time="0.138" classname="freq" name="missing_values_are_displayed_as_expected"/>
    <testcase time="0.121" classname="freq" name="default_denoms_by_is_set_properly"/>
    <testcase time="0.116999999999999" classname="freq" name="default_denoms_by_is_set_properly"/>
  </testsuite>
  <testsuite name="freq_cutoff" timestamp="2026-04-20T12:40:56Z" hostname="de8dd48a795d" tests="4" skipped="0" failures="0" errors="0" time="0.294">
    <testcase time="0.102" classname="freq_cutoff" name="cutoff_and_cutoff_stat_work_as_expected"/>
    <testcase time="0.00300000000000011" classname="freq_cutoff" name="cutoff_and_cutoff_stat_work_as_expected"/>
    <testcase time="0.0969999999999995" classname="freq_cutoff" name="cutoff_and_cutoff_stat_work_as_expected"/>
    <testcase time="0.0920000000000005" classname="freq_cutoff" name="cutoff_and_cutoff_stat_work_as_expected"/>
  </testsuite>
  <testsuite name="freq_descending_by" timestamp="2026-04-20T12:40:56Z" hostname="de8dd48a795d" tests="2" skipped="0" failures="0" errors="0" time="0.195">
    <testcase time="0.0990000000000002" classname="freq_descending_by" name="descending_by_will_sort_by_the_column_named_passed_but_will_"/>
    <testcase time="0.0960000000000001" classname="freq_descending_by" name="descending_by_will_sort_by_the_column_named_passed_but_will_"/>
  </testsuite>
  <testsuite name="freq_ord" timestamp="2026-04-20T12:40:56Z" hostname="de8dd48a795d" tests="5" skipped="0" failures="0" errors="0" time="0.602">
    <testcase time="0.0960000000000001" classname="freq_ord" name="freq_tables_can_be_ordered_as_expected"/>
    <testcase time="0.0989999999999984" classname="freq_ord" name="freq_tables_can_be_ordered_as_expected"/>
    <testcase time="0.119000000000002" classname="freq_ord" name="freq_tables_can_be_ordered_as_expected"/>
    <testcase time="0.132" classname="freq_ord" name="freq_tables_can_be_ordered_as_expected"/>
    <testcase time="0.155999999999999" classname="freq_ord" name="freq_tables_can_be_ordered_as_expected"/>
  </testsuite>
  <testsuite name="freq_pad" timestamp="2026-04-20T12:40:57Z" hostname="de8dd48a795d" tests="3" skipped="0" failures="0" errors="0" time="0.312">
    <testcase time="0.303000000000001" classname="freq_pad" name="pad_argument_works_as_expected"/>
    <testcase time="0.00399999999999956" classname="freq_pad" name="pad_argument_works_as_expected"/>
    <testcase time="0.00500000000000078" classname="freq_pad" name="pad_argument_works_as_expected"/>
  </testsuite>
  <testsuite name="freq_sparse" timestamp="2026-04-20T12:40:57Z" hostname="de8dd48a795d" tests="4" skipped="0" failures="0" errors="0" time="0.409">
    <testcase time="0.105" classname="freq_sparse" name="sparse_data_is_handled_correctly"/>
    <testcase time="0.0869999999999997" classname="freq_sparse" name="sparse_data_is_handled_correctly"/>
    <testcase time="0.118" classname="freq_sparse" name="sparse_data_is_handled_correctly"/>
    <testcase time="0.0989999999999984" classname="freq_sparse" name="sparse_data_is_handled_correctly"/>
  </testsuite>
  <testsuite name="freq_subset" timestamp="2026-04-20T12:40:58Z" hostname="de8dd48a795d" tests="1" skipped="0" failures="0" errors="0" time="0.212">
    <testcase time="0.212000000000002" classname="freq_subset" name="subset_will_filter_records_as_expected"/>
  </testsuite>
  <testsuite name="gentlg" timestamp="2026-04-20T12:40:58Z" hostname="de8dd48a795d" tests="26" skipped="0" failures="0" errors="0" time="1.267">
    <testcase time="0.0129999999999999" classname="gentlg" name="custom_alignments_work"/>
    <testcase time="0.00399999999999956" classname="gentlg" name="custom_alignments_work"/>
    <testcase time="0.0939999999999994" classname="gentlg" name="custom_alignments_work"/>
    <testcase time="0.00300000000000011" classname="gentlg" name="custom_alignments_work"/>
    <testcase time="0.18" classname="gentlg" name="custom_alignments_work"/>
    <testcase time="0.00300000000000011" classname="gentlg" name="custom_alignments_work"/>
    <testcase time="0.00300000000000011" classname="gentlg" name="custom_alignments_work"/>
    <testcase time="0.00300000000000011" classname="gentlg" name="custom_alignments_work"/>
    <testcase time="0.0950000000000006" classname="gentlg" name="replace_lead_whitespaces_ind_is_replacing_whitespaces"/>
    <testcase time="0.0109999999999992" classname="gentlg" name="replace_lead_whitespaces_ind_is_replacing_whitespaces"/>
    <testcase time="0.0899999999999999" classname="gentlg" name="replace_lead_whitespaces_ind_is_replacing_whitespaces"/>
    <testcase time="0.011000000000001" classname="gentlg" name="replace_lead_whitespaces_ind_is_replacing_whitespaces"/>
    <testcase time="0.183999999999999" classname="gentlg" name="gentlg_sets_the_right_colwidths_when_passing_a_combination_of_vectors_and_numeric_values"/>
    <testcase time="0.00399999999999956" classname="gentlg" name="gentlg_sets_the_right_colwidths_when_passing_a_combination_of_vectors_and_numeric_values"/>
    <testcase time="0.00200000000000067" classname="gentlg" name="gentlg_sets_the_right_colwidths_when_passing_a_combination_of_vectors_and_numeric_values"/>
    <testcase time="0.182" classname="gentlg" name="gentlg_sets_the_right_colwidths_when_passing_all_colwidths_explicitly"/>
    <testcase time="0.00399999999999956" classname="gentlg" name="gentlg_sets_the_right_colwidths_when_passing_all_colwidths_explicitly"/>
    <testcase time="0.00300000000000011" classname="gentlg" name="gentlg_sets_the_right_colwidths_when_passing_all_colwidths_explicitly"/>
    <testcase time="0.00900000000000034" classname="gentlg" name="gentlg_validates_that_if_hux_is_a_single_data.frame_wcol_cannot_be_a_list"/>
    <testcase time="0.0190000000000001" classname="gentlg" name="gentlg_validates_each_element_in_wcol_has_the_correct_length"/>
    <testcase time="0.0179999999999989" classname="gentlg" name="gentlg_validates_that_the_sum_of_colwidths_is_1"/>
    <testcase time="0.0080000000000009" classname="gentlg" name="gentlg_validates_hux_length_equals_wcol_length_if_wcol_is_a_list"/>
    <testcase time="0.298" classname="gentlg" name="gentlg_saves_footnotes_as_one_row_or_multiple_rows_depending_on_footers_one_row_"/>
    <testcase time="0.00399999999999956" classname="gentlg" name="gentlg_saves_footnotes_as_one_row_or_multiple_rows_depending_on_footers_one_row_"/>
    <testcase time="0.0199999999999996" classname="gentlg" name="gentlg_saves_footnotes_as_one_row_or_multiple_rows_depending_on_footers_one_row_"/>
    <testcase time="0.00200000000000067" classname="gentlg" name="gentlg_saves_footnotes_as_one_row_or_multiple_rows_depending_on_footers_one_row_"/>
  </testsuite>
  <testsuite name="get_file_name" timestamp="2026-04-20T12:40:59Z" hostname="de8dd48a795d" tests="3" skipped="0" failures="0" errors="0" time="0.019">
    <testcase time="0.0140000000000011" classname="get_file_name" name="getFileNameBatch_returns_the_expected_results"/>
    <testcase time="0.00299999999999834" classname="get_file_name" name="getFileNameBatch_returns_the_expected_results"/>
    <testcase time="0.00200000000000067" classname="get_file_name" name="getFileNameBatch_returns_the_expected_results"/>
  </testsuite>
  <testsuite name="insert_empty_rows" timestamp="2026-04-20T12:40:59Z" hostname="de8dd48a795d" tests="11" skipped="0" failures="0" errors="0" time="0.697">
    <testcase time="0.0100000000000016" classname="insert_empty_rows" name="Does_not_insert_rows_if_the_newrows_column_does_not_exist"/>
    <testcase time="0.00699999999999967" classname="insert_empty_rows" name="Does_not_insert_rows_if_the_newrows_column_is_all_0s"/>
    <testcase time="0.00799999999999912" classname="insert_empty_rows" name="Inserts_rows_when_there_are_1s_in_the_newrows_column"/>
    <testcase time="0.00699999999999967" classname="insert_empty_rows" name="Inserts_an_empty_row_when_the_1_is_in_the_last_row_of_newrows"/>
    <testcase time="0.00700000000000145" classname="insert_empty_rows" name="Inserts_empty_rows_when_there_are_2_1s_in_the_last_two_rows_of_newros"/>
    <testcase time="0.00799999999999912" classname="insert_empty_rows" name="Zeroes_the_newrows_column"/>
    <testcase time="0.0080000000000009" classname="insert_empty_rows" name="Preserves_the_formatting_columns"/>
    <testcase time="0.00300000000000011" classname="insert_empty_rows" name="Preserves_the_formatting_columns"/>
    <testcase time="0.00299999999999834" classname="insert_empty_rows" name="Preserves_the_formatting_columns"/>
    <testcase time="0.00300000000000011" classname="insert_empty_rows" name="Preserves_the_formatting_columns"/>
    <testcase time="0.633000000000001" classname="insert_empty_rows" name="Inserts_empty_rows_when_the_input_table_has_newrows"/>
  </testsuite>
  <testsuite name="metadata" timestamp="2026-04-20T12:41:00Z" hostname="de8dd48a795d" tests="1" skipped="0" failures="0" errors="0" time="0.504">
    <testcase time="0.504" classname="metadata" name="the_metadata_table_method_works_as_expected"/>
  </testsuite>
  <testsuite name="multiple-tables-in-rtf" timestamp="2026-04-20T12:41:00Z" hostname="de8dd48a795d" tests="2" skipped="0" failures="0" errors="0" time="0.532">
    <testcase time="0.529" classname="multiple_tables_in_rtf" name="multiple_tables_are_printed_to_one_rtf_file"/>
    <testcase time="0.00300000000000011" classname="multiple_tables_in_rtf" name="multiple_tables_are_printed_to_one_rtf_file"/>
  </testsuite>
  <testsuite name="nested" timestamp="2026-04-20T12:41:01Z" hostname="de8dd48a795d" tests="7" skipped="0" failures="0" errors="0" time="1.71">
    <testcase time="0.198" classname="nested" name="Row_sorting_works_as_expected_with_and_without_a_descending_by_argument"/>
    <testcase time="0.198" classname="nested" name="Row_sorting_works_as_expected_with_and_without_a_descending_by_argument"/>
    <testcase time="0.277999999999999" classname="nested" name="Three_level_nested_sorting_works_as_expected"/>
    <testcase time="0.167000000000002" classname="nested" name="nested_values_can_span_over_higher_levels"/>
    <testcase time="0.170999999999999" classname="nested" name="nested_values_can_span_over_higher_levels"/>
    <testcase time="0.51" classname="nested" name="nested_values_can_span_over_higher_levels"/>
    <testcase time="0.188000000000001" classname="nested" name="subValues_in_a_nested_count_layer_should_respect_rowbyvar"/>
  </testsuite>
  <testsuite name="nested_cutoff" timestamp="2026-04-20T12:41:03Z" hostname="de8dd48a795d" tests="2" skipped="0" failures="0" errors="0" time="0.676">
    <testcase time="0.199999999999999" classname="nested_cutoff" name="the_cutoff_argument_in_nested_drops_values_with_no_subordiate_items"/>
    <testcase time="0.475999999999999" classname="nested_cutoff" name="the_cutoff_argument_in_nested_drops_values_with_no_subordiate_items"/>
  </testsuite>
  <testsuite name="nested_freq" timestamp="2026-04-20T12:41:03Z" hostname="de8dd48a795d" tests="2" skipped="0" failures="0" errors="0" time="0.367">
    <testcase time="0.18" classname="nested_freq" name="nested_freq_can_handle_subset_argument"/>
    <testcase time="0.187000000000001" classname="nested_freq" name="nested_freq_can_handle_row_header"/>
  </testsuite>
  <testsuite name="nested_ord" timestamp="2026-04-20T12:41:04Z" hostname="de8dd48a795d" tests="2" skipped="0" failures="0" errors="0" time="0.423">
    <testcase time="0.18" classname="nested_ord" name="nested_tables_work_with_.ord_as_expected"/>
    <testcase time="0.243000000000002" classname="nested_ord" name="nested_tables_work_with_.ord_as_expected"/>
  </testsuite>
  <testsuite name="page_numbers" timestamp="2026-04-20T12:41:04Z" hostname="de8dd48a795d" tests="2" skipped="0" failures="0" errors="0" time="0.593">
    <testcase time="0.294999999999998" classname="page_numbers" name="Page_numbers_are_added_on_each_page"/>
    <testcase time="0.298000000000002" classname="page_numbers" name="The_page_number_mentions_the_table"/>
  </testsuite>
  <testsuite name="png" timestamp="2026-04-20T12:41:05Z" hostname="de8dd48a795d" tests="2" skipped="1" failures="0" errors="0" time="0.428">
    <testcase time="0.289999999999999" classname="png" name="gentlg_will_preserve_aspect_ratio_of_pngs">
      <skipped message="Reason: Sys.getenv(&quot;RENV_PATHS_CACHE&quot;) == &quot;&quot; is TRUE ('test-png.R:17:3')"/>
    </testcase>
    <testcase time="0.137999999999998" classname="png" name="gentlg_can_take_multiple_plotnames_arguments"/>
  </testsuite>
  <testsuite name="quick_rtf_jnj" timestamp="2026-04-20T12:41:05Z" hostname="de8dd48a795d" tests="2" skipped="0" failures="0" errors="0" time="0.018">
    <testcase time="0.0130000000000017" classname="quick_rtf_jnj" name="errors_work_as_expected"/>
    <testcase time="0.00499999999999901" classname="quick_rtf_jnj" name="errors_work_as_expected"/>
  </testsuite>
  <testsuite name="remove_zero_padding" timestamp="2026-04-20T12:41:05Z" hostname="de8dd48a795d" tests="2" skipped="0" failures="0" errors="0" time="0.017">
    <testcase time="0.0109999999999992" classname="remove_zero_padding" name="Removes_zero_padding_real_rtf_"/>
    <testcase time="0.00600000000000023" classname="remove_zero_padding" name="Removes_zero_padding"/>
  </testsuite>
  <testsuite name="roundSAS" timestamp="2026-04-20T12:41:05Z" hostname="de8dd48a795d" tests="6" skipped="0" failures="0" errors="0" time="0.045">
    <testcase time="0.0109999999999992" classname="roundSAS" name="T1.1_for_rounding_up_midpoint_values"/>
    <testcase time="0.00600000000000023" classname="roundSAS" name="T1.2_for_rounding_negative_values_to_0"/>
    <testcase time="0.0100000000000016" classname="roundSAS" name="T1.2_for_rounding_up_midpoint_values_and_convert_to_character"/>
    <testcase time="0.00600000000000023" classname="roundSAS" name="T2.1_when_converting_to_character_with_missing_values"/>
    <testcase time="0.00600000000000023" classname="roundSAS" name="T2.2_when_converting_to_character_and_na_char_is_specified"/>
    <testcase time="0.00599999999999667" classname="roundSAS" name="T3.1_when_converting_to_character_and_value_is_negative_but_rounds_to_0"/>
  </testsuite>
  <testsuite name="spanning_headers" timestamp="2026-04-20T12:41:05Z" hostname="de8dd48a795d" tests="5" skipped="0" failures="0" errors="0" time="0.054">
    <testcase time="0.0140000000000029" classname="spanning_headers" name="T1.1_NA."/>
    <testcase time="0.00999999999999801" classname="spanning_headers" name="T1.2_."/>
    <testcase time="0.0100000000000016" classname="spanning_headers" name="T2.1_one_spanning_header."/>
    <testcase time="0.00900000000000034" classname="spanning_headers" name="T2.2_two_spanning_headers."/>
    <testcase time="0.0109999999999992" classname="spanning_headers" name="T2.3_three_spanning_headers."/>
  </testsuite>
  <testsuite name="titles" timestamp="2026-04-20T12:41:05Z" hostname="de8dd48a795d" tests="1" skipped="0" failures="0" errors="0" time="0.321">
    <testcase time="0.320999999999998" classname="titles" name="titles_file_addes_titles_as_expected"/>
  </testsuite>
  <testsuite name="tlgsetup" timestamp="2026-04-20T12:41:05Z" hostname="de8dd48a795d" tests="2" skipped="0" failures="0" errors="0" time="0.228">
    <testcase time="0.123000000000001" classname="tlgsetup" name="tlgsetup_will_factorize_the_colnbr"/>
    <testcase time="0.105" classname="tlgsetup" name="tlgsetup_will_factorize_the_colnbr"/>
  </testsuite>
  <testsuite name="univar" timestamp="2026-04-20T12:41:07Z" hostname="de8dd48a795d" tests="16" skipped="0" failures="0" errors="0" time="2.04">
    <testcase time="1.365" classname="univar" name="univar_outputs_are_named_as_expected"/>
    <testcase time="0.00500000000000256" classname="univar" name="univar_outputs_are_named_as_expected"/>
    <testcase time="0.00100000000000122" classname="univar" name="univar_outputs_are_named_as_expected"/>
    <testcase time="0.00100000000000122" classname="univar" name="univar_outputs_are_named_as_expected"/>
    <testcase time="0.00199999999999889" classname="univar" name="univar_outputs_are_named_as_expected"/>
    <testcase time="0.00100000000000122" classname="univar" name="univar_outputs_are_named_as_expected"/>
    <testcase time="0.000999999999997669" classname="univar" name="univar_outputs_are_named_as_expected"/>
    <testcase time="0.00200000000000244" classname="univar" name="univar_outputs_are_named_as_expected"/>
    <testcase time="0.000999999999997669" classname="univar" name="univar_outputs_are_named_as_expected"/>
    <testcase time="0.00100000000000122" classname="univar" name="univar_outputs_are_named_as_expected"/>
    <testcase time="0.00900000000000034" classname="univar" name="univar_computes_statistics_as_expected"/>
    <testcase time="0.120000000000001" classname="univar" name="rowtext_works_as_expected_with_univar"/>
    <testcase time="0.143999999999998" classname="univar" name="rowtext_works_as_expected_with_univar"/>
    <testcase time="0.155000000000001" classname="univar" name="rowtext_works_as_expected_with_univar"/>
    <testcase time="0.123999999999999" classname="univar" name="univar_can_handle_sparse_data_as_expected"/>
    <testcase time="0.108000000000001" classname="univar" name="MEANSE_statlist_works_as_expected"/>
  </testsuite>
  <testsuite name="univar_keep" timestamp="2026-04-20T12:41:08Z" hostname="de8dd48a795d" tests="1" skipped="0" failures="0" errors="0" time="0.172">
    <testcase time="0.172000000000001" classname="univar_keep" name=".keep_works_as_expected_for_univar_tables"/>
  </testsuite>
  <testsuite name="univar_ord" timestamp="2026-04-20T12:41:08Z" hostname="de8dd48a795d" tests="3" skipped="0" failures="0" errors="0" time="0.492">
    <testcase time="0.151" classname="univar_ord" name="univar_works_with_.ord_as_expected"/>
    <testcase time="0.16" classname="univar_ord" name="univar_works_with_.ord_as_expected"/>
    <testcase time="0.181000000000001" classname="univar_ord" name="univar_works_with_.ord_as_expected"/>
  </testsuite>
  <testsuite name="univar_precision" timestamp="2026-04-20T12:41:08Z" hostname="de8dd48a795d" tests="2" skipped="0" failures="0" errors="0" time="0.361">
    <testcase time="0.184999999999999" classname="univar_precision" name="univar_computes_by_parameter_precision"/>
    <testcase time="0.175999999999998" classname="univar_precision" name="univar_computes_by_parameter_precision"/>
  </testsuite>
  <testsuite name="univar_rowbyvar" timestamp="2026-04-20T12:41:09Z" hostname="de8dd48a795d" tests="4" skipped="0" failures="0" errors="0" time="0.672">
    <testcase time="0.16" classname="univar_rowbyvar" name="rowbyvar_works_as_expected_for_univar"/>
    <testcase time="0.148" classname="univar_rowbyvar" name="rowbyvar_works_as_expected_for_univar"/>
    <testcase time="0.184000000000001" classname="univar_rowbyvar" name="rowbyvar_works_as_expected_for_univar"/>
    <testcase time="0.18" classname="univar_rowbyvar" name="rowbyvar_works_as_expected_for_univar"/>
  </testsuite>
  <testsuite name="univar_rowtext" timestamp="2026-04-20T12:41:09Z" hostname="de8dd48a795d" tests="3" skipped="0" failures="0" errors="0" time="0.346">
    <testcase time="0.137" classname="univar_rowtext" name="rowtext_works_as_expected_for_univar_tables"/>
    <testcase time="0.097999999999999" classname="univar_rowtext" name="rowtext_works_as_expected_for_univar_tables"/>
    <testcase time="0.111000000000001" classname="univar_rowtext" name="rowtext_works_as_expected_for_univar_tables"/>
  </testsuite>
  <testsuite name="utility" timestamp="2026-04-20T12:41:10Z" hostname="de8dd48a795d" tests="6" skipped="0" failures="0" errors="0" time="0.046">
    <testcase time="0.0109999999999992" classname="utility" name="T1.1_no_changes_if_no_NA."/>
    <testcase time="0.00700000000000145" classname="utility" name="T1.2_blanks_in_place_of_NA_for_character."/>
    <testcase time="0.0069999999999979" classname="utility" name="T1.3_blanks_in_place_of_NA_for_factor."/>
    <testcase time="0.00700000000000145" classname="utility" name="T1.4_NA_added_as_a_factor_level_for_factor."/>
    <testcase time="0.0069999999999979" classname="utility" name="T1.1_label_preserved."/>
    <testcase time="0.00700000000000145" classname="utility" name="T1.2_levels_based_off_the_numeric_variable."/>
  </testsuite>
</testsuites>
